CRITICAL - 2023-11-25 03:15:15 --> Undefined variable $asnaf
in APPPATH\Views\admin\asnaf-list.php on line 290.
 1 APPPATH\Views\admin\asnaf-list.php(290): CodeIgniter\Debug\Exceptions->errorHandler(2, 'Undefined variable $asnaf', 'C:\\xampp\\htdocs\\projectfyp\\app\\Views\\admin\\asnaf-list.php', 290)
 2 SYSTEMPATH\View\View.php(226): include('C:\\xampp\\htdocs\\projectfyp\\app\\Views\\admin\\asnaf-list.php')
 3 SYSTEMPATH\View\View.php(229): CodeIgniter\View\View->CodeIgniter\View\{closure}()
 4 SYSTEMPATH\Common.php(1188): CodeIgniter\View\View->render('admin/asnaf-list', [], true)
 5 APPPATH\Controllers\AdminController.php(182): view('admin/asnaf-list', [...])
 6 SYSTEMPATH\CodeIgniter.php(919): App\Controllers\AdminController->asnaflist()
 7 SYSTEMPATH\CodeIgniter.php(494): CodeIgniter\CodeIgniter->runController(Object(App\Controllers\AdminController))
 8 SYSTEMPATH\CodeIgniter.php(353): CodeIgniter\CodeIgniter->handleRequest(null, Object(Config\Cache), false)
 9 FCPATH\index.php(79): CodeIgniter\CodeIgniter->run()
CRITICAL - 2023-11-25 03:16:48 --> Undefined variable $asnaf
in APPPATH\Views\admin\asnaf-list.php on line 290.
 1 APPPATH\Views\admin\asnaf-list.php(290): CodeIgniter\Debug\Exceptions->errorHandler(2, 'Undefined variable $asnaf', 'C:\\xampp\\htdocs\\projectfyp\\app\\Views\\admin\\asnaf-list.php', 290)
 2 SYSTEMPATH\View\View.php(226): include('C:\\xampp\\htdocs\\projectfyp\\app\\Views\\admin\\asnaf-list.php')
 3 SYSTEMPATH\View\View.php(229): CodeIgniter\View\View->CodeIgniter\View\{closure}()
 4 SYSTEMPATH\Common.php(1188): CodeIgniter\View\View->render('admin/asnaf-list', [], true)
 5 APPPATH\Controllers\AdminController.php(182): view('admin/asnaf-list', [...])
 6 SYSTEMPATH\CodeIgniter.php(919): App\Controllers\AdminController->asnaflist()
 7 SYSTEMPATH\CodeIgniter.php(494): CodeIgniter\CodeIgniter->runController(Object(App\Controllers\AdminController))
 8 SYSTEMPATH\CodeIgniter.php(353): CodeIgniter\CodeIgniter->handleRequest(null, Object(Config\Cache), false)
 9 FCPATH\index.php(79): CodeIgniter\CodeIgniter->run()
CRITICAL - 2023-11-25 03:16:50 --> Undefined variable $asnaf
in APPPATH\Views\admin\asnaf-list.php on line 290.
 1 APPPATH\Views\admin\asnaf-list.php(290): CodeIgniter\Debug\Exceptions->errorHandler(2, 'Undefined variable $asnaf', 'C:\\xampp\\htdocs\\projectfyp\\app\\Views\\admin\\asnaf-list.php', 290)
 2 SYSTEMPATH\View\View.php(226): include('C:\\xampp\\htdocs\\projectfyp\\app\\Views\\admin\\asnaf-list.php')
 3 SYSTEMPATH\View\View.php(229): CodeIgniter\View\View->CodeIgniter\View\{closure}()
 4 SYSTEMPATH\Common.php(1188): CodeIgniter\View\View->render('admin/asnaf-list', [], true)
 5 APPPATH\Controllers\AdminController.php(182): view('admin/asnaf-list', [...])
 6 SYSTEMPATH\CodeIgniter.php(919): App\Controllers\AdminController->asnaflist()
 7 SYSTEMPATH\CodeIgniter.php(494): CodeIgniter\CodeIgniter->runController(Object(App\Controllers\AdminController))
 8 SYSTEMPATH\CodeIgniter.php(353): CodeIgniter\CodeIgniter->handleRequest(null, Object(Config\Cache), false)
 9 FCPATH\index.php(79): CodeIgniter\CodeIgniter->run()
CRITICAL - 2023-11-25 03:17:09 --> Undefined variable $asnaf
in APPPATH\Views\admin\asnaf-list.php on line 290.
 1 APPPATH\Views\admin\asnaf-list.php(290): CodeIgniter\Debug\Exceptions->errorHandler(2, 'Undefined variable $asnaf', 'C:\\xampp\\htdocs\\projectfyp\\app\\Views\\admin\\asnaf-list.php', 290)
 2 SYSTEMPATH\View\View.php(226): include('C:\\xampp\\htdocs\\projectfyp\\app\\Views\\admin\\asnaf-list.php')
 3 SYSTEMPATH\View\View.php(229): CodeIgniter\View\View->CodeIgniter\View\{closure}()
 4 SYSTEMPATH\Common.php(1188): CodeIgniter\View\View->render('admin/asnaf-list', [], true)
 5 APPPATH\Controllers\AdminController.php(182): view('admin/asnaf-list', [...])
 6 SYSTEMPATH\CodeIgniter.php(919): App\Controllers\AdminController->asnaflist()
 7 SYSTEMPATH\CodeIgniter.php(494): CodeIgniter\CodeIgniter->runController(Object(App\Controllers\AdminController))
 8 SYSTEMPATH\CodeIgniter.php(353): CodeIgniter\CodeIgniter->handleRequest(null, Object(Config\Cache), false)
 9 FCPATH\index.php(79): CodeIgniter\CodeIgniter->run()
CRITICAL - 2023-11-25 03:17:14 --> Undefined variable $asnaf
in APPPATH\Views\admin\asnaf-list.php on line 290.
 1 APPPATH\Views\admin\asnaf-list.php(290): CodeIgniter\Debug\Exceptions->errorHandler(2, 'Undefined variable $asnaf', 'C:\\xampp\\htdocs\\projectfyp\\app\\Views\\admin\\asnaf-list.php', 290)
 2 SYSTEMPATH\View\View.php(226): include('C:\\xampp\\htdocs\\projectfyp\\app\\Views\\admin\\asnaf-list.php')
 3 SYSTEMPATH\View\View.php(229): CodeIgniter\View\View->CodeIgniter\View\{closure}()
 4 SYSTEMPATH\Common.php(1188): CodeIgniter\View\View->render('admin/asnaf-list', [], true)
 5 APPPATH\Controllers\AdminController.php(182): view('admin/asnaf-list', [...])
 6 SYSTEMPATH\CodeIgniter.php(919): App\Controllers\AdminController->asnaflist()
 7 SYSTEMPATH\CodeIgniter.php(494): CodeIgniter\CodeIgniter->runController(Object(App\Controllers\AdminController))
 8 SYSTEMPATH\CodeIgniter.php(353): CodeIgniter\CodeIgniter->handleRequest(null, Object(Config\Cache), false)
 9 FCPATH\index.php(79): CodeIgniter\CodeIgniter->run()
CRITICAL - 2023-11-25 03:17:15 --> Undefined variable $asnaf
in APPPATH\Views\admin\asnaf-list.php on line 290.
 1 APPPATH\Views\admin\asnaf-list.php(290): CodeIgniter\Debug\Exceptions->errorHandler(2, 'Undefined variable $asnaf', 'C:\\xampp\\htdocs\\projectfyp\\app\\Views\\admin\\asnaf-list.php', 290)
 2 SYSTEMPATH\View\View.php(226): include('C:\\xampp\\htdocs\\projectfyp\\app\\Views\\admin\\asnaf-list.php')
 3 SYSTEMPATH\View\View.php(229): CodeIgniter\View\View->CodeIgniter\View\{closure}()
 4 SYSTEMPATH\Common.php(1188): CodeIgniter\View\View->render('admin/asnaf-list', [], true)
 5 APPPATH\Controllers\AdminController.php(182): view('admin/asnaf-list', [...])
 6 SYSTEMPATH\CodeIgniter.php(919): App\Controllers\AdminController->asnaflist()
 7 SYSTEMPATH\CodeIgniter.php(494): CodeIgniter\CodeIgniter->runController(Object(App\Controllers\AdminController))
 8 SYSTEMPATH\CodeIgniter.php(353): CodeIgniter\CodeIgniter->handleRequest(null, Object(Config\Cache), false)
 9 FCPATH\index.php(79): CodeIgniter\CodeIgniter->run()
CRITICAL - 2023-11-25 03:18:41 --> Undefined variable $asnaf
in APPPATH\Views\admin\asnaf-list.php on line 290.
 1 APPPATH\Views\admin\asnaf-list.php(290): CodeIgniter\Debug\Exceptions->errorHandler(2, 'Undefined variable $asnaf', 'C:\\xampp\\htdocs\\projectfyp\\app\\Views\\admin\\asnaf-list.php', 290)
 2 SYSTEMPATH\View\View.php(226): include('C:\\xampp\\htdocs\\projectfyp\\app\\Views\\admin\\asnaf-list.php')
 3 SYSTEMPATH\View\View.php(229): CodeIgniter\View\View->CodeIgniter\View\{closure}()
 4 SYSTEMPATH\Common.php(1188): CodeIgniter\View\View->render('admin/asnaf-list', [], true)
 5 APPPATH\Controllers\AdminController.php(182): view('admin/asnaf-list', [...])
 6 SYSTEMPATH\CodeIgniter.php(919): App\Controllers\AdminController->asnaflist()
 7 SYSTEMPATH\CodeIgniter.php(494): CodeIgniter\CodeIgniter->runController(Object(App\Controllers\AdminController))
 8 SYSTEMPATH\CodeIgniter.php(353): CodeIgniter\CodeIgniter->handleRequest(null, Object(Config\Cache), false)
 9 FCPATH\index.php(79): CodeIgniter\CodeIgniter->run()
CRITICAL - 2023-11-25 03:18:42 --> Undefined variable $asnaf
in APPPATH\Views\admin\asnaf-list.php on line 290.
 1 APPPATH\Views\admin\asnaf-list.php(290): CodeIgniter\Debug\Exceptions->errorHandler(2, 'Undefined variable $asnaf', 'C:\\xampp\\htdocs\\projectfyp\\app\\Views\\admin\\asnaf-list.php', 290)
 2 SYSTEMPATH\View\View.php(226): include('C:\\xampp\\htdocs\\projectfyp\\app\\Views\\admin\\asnaf-list.php')
 3 SYSTEMPATH\View\View.php(229): CodeIgniter\View\View->CodeIgniter\View\{closure}()
 4 SYSTEMPATH\Common.php(1188): CodeIgniter\View\View->render('admin/asnaf-list', [], true)
 5 APPPATH\Controllers\AdminController.php(182): view('admin/asnaf-list', [...])
 6 SYSTEMPATH\CodeIgniter.php(919): App\Controllers\AdminController->asnaflist()
 7 SYSTEMPATH\CodeIgniter.php(494): CodeIgniter\CodeIgniter->runController(Object(App\Controllers\AdminController))
 8 SYSTEMPATH\CodeIgniter.php(353): CodeIgniter\CodeIgniter->handleRequest(null, Object(Config\Cache), false)
 9 FCPATH\index.php(79): CodeIgniter\CodeIgniter->run()
CRITICAL - 2023-11-25 03:18:48 --> Undefined variable $asnaf
in APPPATH\Views\admin\asnaf-list.php on line 290.
 1 APPPATH\Views\admin\asnaf-list.php(290): CodeIgniter\Debug\Exceptions->errorHandler(2, 'Undefined variable $asnaf', 'C:\\xampp\\htdocs\\projectfyp\\app\\Views\\admin\\asnaf-list.php', 290)
 2 SYSTEMPATH\View\View.php(226): include('C:\\xampp\\htdocs\\projectfyp\\app\\Views\\admin\\asnaf-list.php')
 3 SYSTEMPATH\View\View.php(229): CodeIgniter\View\View->CodeIgniter\View\{closure}()
 4 SYSTEMPATH\Common.php(1188): CodeIgniter\View\View->render('admin/asnaf-list', [], true)
 5 APPPATH\Controllers\AdminController.php(182): view('admin/asnaf-list', [...])
 6 SYSTEMPATH\CodeIgniter.php(919): App\Controllers\AdminController->asnaflist()
 7 SYSTEMPATH\CodeIgniter.php(494): CodeIgniter\CodeIgniter->runController(Object(App\Controllers\AdminController))
 8 SYSTEMPATH\CodeIgniter.php(353): CodeIgniter\CodeIgniter->handleRequest(null, Object(Config\Cache), false)
 9 FCPATH\index.php(79): CodeIgniter\CodeIgniter->run()
CRITICAL - 2023-11-25 03:18:52 --> Undefined variable $asnaf
in APPPATH\Views\admin\search-asnaf.php on line 292.
 1 APPPATH\Views\admin\search-asnaf.php(292): CodeIgniter\Debug\Exceptions->errorHandler(2, 'Undefined variable $asnaf', 'C:\\xampp\\htdocs\\projectfyp\\app\\Views\\admin\\search-asnaf.php', 292)
 2 SYSTEMPATH\View\View.php(226): include('C:\\xampp\\htdocs\\projectfyp\\app\\Views\\admin\\search-asnaf.php')
 3 SYSTEMPATH\View\View.php(229): CodeIgniter\View\View->CodeIgniter\View\{closure}()
 4 SYSTEMPATH\Common.php(1188): CodeIgniter\View\View->render('admin/search-asnaf', [], true)
 5 APPPATH\Controllers\AdminController.php(264): view('admin/search-asnaf', [...])
 6 SYSTEMPATH\CodeIgniter.php(919): App\Controllers\AdminController->searchasnaf()
 7 SYSTEMPATH\CodeIgniter.php(494): CodeIgniter\CodeIgniter->runController(Object(App\Controllers\AdminController))
 8 SYSTEMPATH\CodeIgniter.php(353): CodeIgniter\CodeIgniter->handleRequest(null, Object(Config\Cache), false)
 9 FCPATH\index.php(79): CodeIgniter\CodeIgniter->run()
CRITICAL - 2023-11-25 03:19:45 --> Undefined variable $computer
in APPPATH\Views\admin\computer-list.php on line 296.
 1 APPPATH\Views\admin\computer-list.php(296): CodeIgniter\Debug\Exceptions->errorHandler(2, 'Undefined variable $computer', 'C:\\xampp\\htdocs\\projectfyp\\app\\Views\\admin\\computer-list.php', 296)
 2 SYSTEMPATH\View\View.php(226): include('C:\\xampp\\htdocs\\projectfyp\\app\\Views\\admin\\computer-list.php')
 3 SYSTEMPATH\View\View.php(229): CodeIgniter\View\View->CodeIgniter\View\{closure}()
 4 SYSTEMPATH\Common.php(1188): CodeIgniter\View\View->render('admin/computer-list', [], true)
 5 APPPATH\Controllers\AdminController.php(291): view('admin/computer-list', [...])
 6 SYSTEMPATH\CodeIgniter.php(919): App\Controllers\AdminController->computerlist()
 7 SYSTEMPATH\CodeIgniter.php(494): CodeIgniter\CodeIgniter->runController(Object(App\Controllers\AdminController))
 8 SYSTEMPATH\CodeIgniter.php(353): CodeIgniter\CodeIgniter->handleRequest(null, Object(Config\Cache), false)
 9 FCPATH\index.php(79): CodeIgniter\CodeIgniter->run()
CRITICAL - 2023-11-25 03:19:58 --> Undefined variable $asnaf
in APPPATH\Views\admin\asnaf-list.php on line 290.
 1 APPPATH\Views\admin\asnaf-list.php(290): CodeIgniter\Debug\Exceptions->errorHandler(2, 'Undefined variable $asnaf', 'C:\\xampp\\htdocs\\projectfyp\\app\\Views\\admin\\asnaf-list.php', 290)
 2 SYSTEMPATH\View\View.php(226): include('C:\\xampp\\htdocs\\projectfyp\\app\\Views\\admin\\asnaf-list.php')
 3 SYSTEMPATH\View\View.php(229): CodeIgniter\View\View->CodeIgniter\View\{closure}()
 4 SYSTEMPATH\Common.php(1188): CodeIgniter\View\View->render('admin/asnaf-list', [], true)
 5 APPPATH\Controllers\AdminController.php(182): view('admin/asnaf-list', [...])
 6 SYSTEMPATH\CodeIgniter.php(919): App\Controllers\AdminController->asnaflist()
 7 SYSTEMPATH\CodeIgniter.php(494): CodeIgniter\CodeIgniter->runController(Object(App\Controllers\AdminController))
 8 SYSTEMPATH\CodeIgniter.php(353): CodeIgniter\CodeIgniter->handleRequest(null, Object(Config\Cache), false)
 9 FCPATH\index.php(79): CodeIgniter\CodeIgniter->run()
CRITICAL - 2023-11-25 03:22:58 --> syntax error, unexpected token "endif", expecting end of file
in APPPATH\Views\admin\computer-list.php on line 299.
 1 SYSTEMPATH\View\View.php(229): CodeIgniter\View\View->CodeIgniter\View\{closure}()
 2 SYSTEMPATH\Common.php(1188): CodeIgniter\View\View->render('admin/computer-list', [], true)
 3 APPPATH\Controllers\AdminController.php(291): view('admin/computer-list', [...])
 4 SYSTEMPATH\CodeIgniter.php(919): App\Controllers\AdminController->computerlist()
 5 SYSTEMPATH\CodeIgniter.php(494): CodeIgniter\CodeIgniter->runController(Object(App\Controllers\AdminController))
 6 SYSTEMPATH\CodeIgniter.php(353): CodeIgniter\CodeIgniter->handleRequest(null, Object(Config\Cache), false)
 7 FCPATH\index.php(79): CodeIgniter\CodeIgniter->run()
CRITICAL - 2023-11-25 03:23:14 --> Undefined variable $asnaf
in APPPATH\Views\admin\search-asnaf.php on line 292.
 1 APPPATH\Views\admin\search-asnaf.php(292): CodeIgniter\Debug\Exceptions->errorHandler(2, 'Undefined variable $asnaf', 'C:\\xampp\\htdocs\\projectfyp\\app\\Views\\admin\\search-asnaf.php', 292)
 2 SYSTEMPATH\View\View.php(226): include('C:\\xampp\\htdocs\\projectfyp\\app\\Views\\admin\\search-asnaf.php')
 3 SYSTEMPATH\View\View.php(229): CodeIgniter\View\View->CodeIgniter\View\{closure}()
 4 SYSTEMPATH\Common.php(1188): CodeIgniter\View\View->render('admin/search-asnaf', [], true)
 5 APPPATH\Controllers\AdminController.php(264): view('admin/search-asnaf', [...])
 6 SYSTEMPATH\CodeIgniter.php(919): App\Controllers\AdminController->searchasnaf()
 7 SYSTEMPATH\CodeIgniter.php(494): CodeIgniter\CodeIgniter->runController(Object(App\Controllers\AdminController))
 8 SYSTEMPATH\CodeIgniter.php(353): CodeIgniter\CodeIgniter->handleRequest(null, Object(Config\Cache), false)
 9 FCPATH\index.php(79): CodeIgniter\CodeIgniter->run()
CRITICAL - 2023-11-25 03:24:55 --> Undefined variable $computer
in APPPATH\Views\admin\search-computer.php on line 293.
 1 APPPATH\Views\admin\search-computer.php(293): CodeIgniter\Debug\Exceptions->errorHandler(2, 'Undefined variable $computer', 'C:\\xampp\\htdocs\\projectfyp\\app\\Views\\admin\\search-computer.php', 293)
 2 SYSTEMPATH\View\View.php(226): include('C:\\xampp\\htdocs\\projectfyp\\app\\Views\\admin\\search-computer.php')
 3 SYSTEMPATH\View\View.php(229): CodeIgniter\View\View->CodeIgniter\View\{closure}()
 4 SYSTEMPATH\Common.php(1188): CodeIgniter\View\View->render('admin/search-computer', [], true)
 5 APPPATH\Controllers\AdminController.php(373): view('admin/search-computer', [...])
 6 SYSTEMPATH\CodeIgniter.php(919): App\Controllers\AdminController->searchcomputer()
 7 SYSTEMPATH\CodeIgniter.php(494): CodeIgniter\CodeIgniter->runController(Object(App\Controllers\AdminController))
 8 SYSTEMPATH\CodeIgniter.php(353): CodeIgniter\CodeIgniter->handleRequest(null, Object(Config\Cache), false)
 9 FCPATH\index.php(79): CodeIgniter\CodeIgniter->run()
CRITICAL - 2023-11-25 03:25:01 --> syntax error, unexpected token "else", expecting end of file
in APPPATH\Views\admin\search-asnaf.php on line 285.
 1 SYSTEMPATH\View\View.php(229): CodeIgniter\View\View->CodeIgniter\View\{closure}()
 2 SYSTEMPATH\Common.php(1188): CodeIgniter\View\View->render('admin/search-asnaf', [], true)
 3 APPPATH\Controllers\AdminController.php(264): view('admin/search-asnaf', [...])
 4 SYSTEMPATH\CodeIgniter.php(919): App\Controllers\AdminController->searchasnaf()
 5 SYSTEMPATH\CodeIgniter.php(494): CodeIgniter\CodeIgniter->runController(Object(App\Controllers\AdminController))
 6 SYSTEMPATH\CodeIgniter.php(353): CodeIgniter\CodeIgniter->handleRequest(null, Object(Config\Cache), false)
 7 FCPATH\index.php(79): CodeIgniter\CodeIgniter->run()
CRITICAL - 2023-11-25 03:39:24 --> Undefined variable $provision
in APPPATH\Views\admin\search-provision.php on line 289.
 1 APPPATH\Views\admin\search-provision.php(289): CodeIgniter\Debug\Exceptions->errorHandler(2, 'Undefined variable $provision', 'C:\\xampp\\htdocs\\projectfyp\\app\\Views\\admin\\search-provision.php', 289)
 2 SYSTEMPATH\View\View.php(226): include('C:\\xampp\\htdocs\\projectfyp\\app\\Views\\admin\\search-provision.php')
 3 SYSTEMPATH\View\View.php(229): CodeIgniter\View\View->CodeIgniter\View\{closure}()
 4 SYSTEMPATH\Common.php(1188): CodeIgniter\View\View->render('admin/search-provision', [], true)
 5 APPPATH\Controllers\AdminController.php(480): view('admin/search-provision', [...])
 6 SYSTEMPATH\CodeIgniter.php(919): App\Controllers\AdminController->searchprovision()
 7 SYSTEMPATH\CodeIgniter.php(494): CodeIgniter\CodeIgniter->runController(Object(App\Controllers\AdminController))
 8 SYSTEMPATH\CodeIgniter.php(353): CodeIgniter\CodeIgniter->handleRequest(null, Object(Config\Cache), false)
 9 FCPATH\index.php(79): CodeIgniter\CodeIgniter->run()
CRITICAL - 2023-11-25 12:01:37 --> Undefined variable $computers
in APPPATH\Views\admin\provision-list.php on line 393.
 1 APPPATH\Views\admin\provision-list.php(393): CodeIgniter\Debug\Exceptions->errorHandler(2, 'Undefined variable $computers', 'C:\\xampp\\htdocs\\projectfyp\\app\\Views\\admin\\provision-list.php', 393)
 2 SYSTEMPATH\View\View.php(226): include('C:\\xampp\\htdocs\\projectfyp\\app\\Views\\admin\\provision-list.php')
 3 SYSTEMPATH\View\View.php(229): CodeIgniter\View\View->CodeIgniter\View\{closure}()
 4 SYSTEMPATH\Common.php(1188): CodeIgniter\View\View->render('admin/provision-list', [], true)
 5 APPPATH\Controllers\AdminController.php(400): view('admin/provision-list', [...])
 6 SYSTEMPATH\CodeIgniter.php(919): App\Controllers\AdminController->provisionlist()
 7 SYSTEMPATH\CodeIgniter.php(494): CodeIgniter\CodeIgniter->runController(Object(App\Controllers\AdminController))
 8 SYSTEMPATH\CodeIgniter.php(353): CodeIgniter\CodeIgniter->handleRequest(null, Object(Config\Cache), false)
 9 FCPATH\index.php(79): CodeIgniter\CodeIgniter->run()
