CRITICAL - 2023-12-03 06:36:29 --> Undefined constant "selectedYear"
in APPPATH\Views\admin\adminhome.php on line 34.
 1 SYSTEMPATH\View\View.php(226): include()
 2 SYSTEMPATH\View\View.php(229): CodeIgniter\View\View->CodeIgniter\View\{closure}()
 3 SYSTEMPATH\Common.php(1188): CodeIgniter\View\View->render('admin/adminhome', [], true)
 4 APPPATH\Controllers\AdminController.php(91): view('admin/adminhome', [...])
 5 SYSTEMPATH\CodeIgniter.php(919): App\Controllers\AdminController->adminhomepage()
 6 SYSTEMPATH\CodeIgniter.php(494): CodeIgniter\CodeIgniter->runController(Object(App\Controllers\AdminController))
 7 SYSTEMPATH\CodeIgniter.php(353): CodeIgniter\CodeIgniter->handleRequest(null, Object(Config\Cache), false)
 8 FCPATH\index.php(79): CodeIgniter\CodeIgniter->run()
CRITICAL - 2023-12-03 06:36:30 --> Undefined constant "selectedYear"
in APPPATH\Views\admin\adminhome.php on line 34.
 1 SYSTEMPATH\View\View.php(226): include()
 2 SYSTEMPATH\View\View.php(229): CodeIgniter\View\View->CodeIgniter\View\{closure}()
 3 SYSTEMPATH\Common.php(1188): CodeIgniter\View\View->render('admin/adminhome', [], true)
 4 APPPATH\Controllers\AdminController.php(91): view('admin/adminhome', [...])
 5 SYSTEMPATH\CodeIgniter.php(919): App\Controllers\AdminController->adminhomepage()
 6 SYSTEMPATH\CodeIgniter.php(494): CodeIgniter\CodeIgniter->runController(Object(App\Controllers\AdminController))
 7 SYSTEMPATH\CodeIgniter.php(353): CodeIgniter\CodeIgniter->handleRequest(null, Object(Config\Cache), false)
 8 FCPATH\index.php(79): CodeIgniter\CodeIgniter->run()
CRITICAL - 2023-12-03 06:36:31 --> Undefined constant "selectedYear"
in APPPATH\Views\admin\adminhome.php on line 34.
 1 SYSTEMPATH\View\View.php(226): include()
 2 SYSTEMPATH\View\View.php(229): CodeIgniter\View\View->CodeIgniter\View\{closure}()
 3 SYSTEMPATH\Common.php(1188): CodeIgniter\View\View->render('admin/adminhome', [], true)
 4 APPPATH\Controllers\AdminController.php(91): view('admin/adminhome', [...])
 5 SYSTEMPATH\CodeIgniter.php(919): App\Controllers\AdminController->adminhomepage()
 6 SYSTEMPATH\CodeIgniter.php(494): CodeIgniter\CodeIgniter->runController(Object(App\Controllers\AdminController))
 7 SYSTEMPATH\CodeIgniter.php(353): CodeIgniter\CodeIgniter->handleRequest(null, Object(Config\Cache), false)
 8 FCPATH\index.php(79): CodeIgniter\CodeIgniter->run()
CRITICAL - 2023-12-03 07:23:42 --> Undefined constant "selectedYear"
in APPPATH\Views\admin\adminhome.php on line 34.
 1 SYSTEMPATH\View\View.php(226): include()
 2 SYSTEMPATH\View\View.php(229): CodeIgniter\View\View->CodeIgniter\View\{closure}()
 3 SYSTEMPATH\Common.php(1188): CodeIgniter\View\View->render('admin/adminhome', [], true)
 4 APPPATH\Controllers\AdminController.php(91): view('admin/adminhome', [...])
 5 SYSTEMPATH\CodeIgniter.php(919): App\Controllers\AdminController->adminhomepage()
 6 SYSTEMPATH\CodeIgniter.php(494): CodeIgniter\CodeIgniter->runController(Object(App\Controllers\AdminController))
 7 SYSTEMPATH\CodeIgniter.php(353): CodeIgniter\CodeIgniter->handleRequest(null, Object(Config\Cache), false)
 8 FCPATH\index.php(79): CodeIgniter\CodeIgniter->run()
CRITICAL - 2023-12-03 07:23:43 --> Undefined constant "selectedYear"
in APPPATH\Views\admin\adminhome.php on line 34.
 1 SYSTEMPATH\View\View.php(226): include()
 2 SYSTEMPATH\View\View.php(229): CodeIgniter\View\View->CodeIgniter\View\{closure}()
 3 SYSTEMPATH\Common.php(1188): CodeIgniter\View\View->render('admin/adminhome', [], true)
 4 APPPATH\Controllers\AdminController.php(91): view('admin/adminhome', [...])
 5 SYSTEMPATH\CodeIgniter.php(919): App\Controllers\AdminController->adminhomepage()
 6 SYSTEMPATH\CodeIgniter.php(494): CodeIgniter\CodeIgniter->runController(Object(App\Controllers\AdminController))
 7 SYSTEMPATH\CodeIgniter.php(353): CodeIgniter\CodeIgniter->handleRequest(null, Object(Config\Cache), false)
 8 FCPATH\index.php(79): CodeIgniter\CodeIgniter->run()
CRITICAL - 2023-12-03 07:23:43 --> Undefined constant "selectedYear"
in APPPATH\Views\admin\adminhome.php on line 34.
 1 SYSTEMPATH\View\View.php(226): include()
 2 SYSTEMPATH\View\View.php(229): CodeIgniter\View\View->CodeIgniter\View\{closure}()
 3 SYSTEMPATH\Common.php(1188): CodeIgniter\View\View->render('admin/adminhome', [], true)
 4 APPPATH\Controllers\AdminController.php(91): view('admin/adminhome', [...])
 5 SYSTEMPATH\CodeIgniter.php(919): App\Controllers\AdminController->adminhomepage()
 6 SYSTEMPATH\CodeIgniter.php(494): CodeIgniter\CodeIgniter->runController(Object(App\Controllers\AdminController))
 7 SYSTEMPATH\CodeIgniter.php(353): CodeIgniter\CodeIgniter->handleRequest(null, Object(Config\Cache), false)
 8 FCPATH\index.php(79): CodeIgniter\CodeIgniter->run()
CRITICAL - 2023-12-03 07:23:43 --> Undefined constant "selectedYear"
in APPPATH\Views\admin\adminhome.php on line 34.
 1 SYSTEMPATH\View\View.php(226): include()
 2 SYSTEMPATH\View\View.php(229): CodeIgniter\View\View->CodeIgniter\View\{closure}()
 3 SYSTEMPATH\Common.php(1188): CodeIgniter\View\View->render('admin/adminhome', [], true)
 4 APPPATH\Controllers\AdminController.php(91): view('admin/adminhome', [...])
 5 SYSTEMPATH\CodeIgniter.php(919): App\Controllers\AdminController->adminhomepage()
 6 SYSTEMPATH\CodeIgniter.php(494): CodeIgniter\CodeIgniter->runController(Object(App\Controllers\AdminController))
 7 SYSTEMPATH\CodeIgniter.php(353): CodeIgniter\CodeIgniter->handleRequest(null, Object(Config\Cache), false)
 8 FCPATH\index.php(79): CodeIgniter\CodeIgniter->run()
CRITICAL - 2023-12-03 07:23:44 --> Undefined constant "selectedYear"
in APPPATH\Views\admin\adminhome.php on line 34.
 1 SYSTEMPATH\View\View.php(226): include()
 2 SYSTEMPATH\View\View.php(229): CodeIgniter\View\View->CodeIgniter\View\{closure}()
 3 SYSTEMPATH\Common.php(1188): CodeIgniter\View\View->render('admin/adminhome', [], true)
 4 APPPATH\Controllers\AdminController.php(91): view('admin/adminhome', [...])
 5 SYSTEMPATH\CodeIgniter.php(919): App\Controllers\AdminController->adminhomepage()
 6 SYSTEMPATH\CodeIgniter.php(494): CodeIgniter\CodeIgniter->runController(Object(App\Controllers\AdminController))
 7 SYSTEMPATH\CodeIgniter.php(353): CodeIgniter\CodeIgniter->handleRequest(null, Object(Config\Cache), false)
 8 FCPATH\index.php(79): CodeIgniter\CodeIgniter->run()
CRITICAL - 2023-12-03 07:23:44 --> Undefined constant "selectedYear"
in APPPATH\Views\admin\adminhome.php on line 34.
 1 SYSTEMPATH\View\View.php(226): include()
 2 SYSTEMPATH\View\View.php(229): CodeIgniter\View\View->CodeIgniter\View\{closure}()
 3 SYSTEMPATH\Common.php(1188): CodeIgniter\View\View->render('admin/adminhome', [], true)
 4 APPPATH\Controllers\AdminController.php(91): view('admin/adminhome', [...])
 5 SYSTEMPATH\CodeIgniter.php(919): App\Controllers\AdminController->adminhomepage()
 6 SYSTEMPATH\CodeIgniter.php(494): CodeIgniter\CodeIgniter->runController(Object(App\Controllers\AdminController))
 7 SYSTEMPATH\CodeIgniter.php(353): CodeIgniter\CodeIgniter->handleRequest(null, Object(Config\Cache), false)
 8 FCPATH\index.php(79): CodeIgniter\CodeIgniter->run()
CRITICAL - 2023-12-03 07:23:45 --> Undefined constant "selectedYear"
in APPPATH\Views\admin\adminhome.php on line 34.
 1 SYSTEMPATH\View\View.php(226): include()
 2 SYSTEMPATH\View\View.php(229): CodeIgniter\View\View->CodeIgniter\View\{closure}()
 3 SYSTEMPATH\Common.php(1188): CodeIgniter\View\View->render('admin/adminhome', [], true)
 4 APPPATH\Controllers\AdminController.php(91): view('admin/adminhome', [...])
 5 SYSTEMPATH\CodeIgniter.php(919): App\Controllers\AdminController->adminhomepage()
 6 SYSTEMPATH\CodeIgniter.php(494): CodeIgniter\CodeIgniter->runController(Object(App\Controllers\AdminController))
 7 SYSTEMPATH\CodeIgniter.php(353): CodeIgniter\CodeIgniter->handleRequest(null, Object(Config\Cache), false)
 8 FCPATH\index.php(79): CodeIgniter\CodeIgniter->run()
CRITICAL - 2023-12-03 07:23:45 --> Undefined constant "selectedYear"
in APPPATH\Views\admin\adminhome.php on line 34.
 1 SYSTEMPATH\View\View.php(226): include()
 2 SYSTEMPATH\View\View.php(229): CodeIgniter\View\View->CodeIgniter\View\{closure}()
 3 SYSTEMPATH\Common.php(1188): CodeIgniter\View\View->render('admin/adminhome', [], true)
 4 APPPATH\Controllers\AdminController.php(91): view('admin/adminhome', [...])
 5 SYSTEMPATH\CodeIgniter.php(919): App\Controllers\AdminController->adminhomepage()
 6 SYSTEMPATH\CodeIgniter.php(494): CodeIgniter\CodeIgniter->runController(Object(App\Controllers\AdminController))
 7 SYSTEMPATH\CodeIgniter.php(353): CodeIgniter\CodeIgniter->handleRequest(null, Object(Config\Cache), false)
 8 FCPATH\index.php(79): CodeIgniter\CodeIgniter->run()
CRITICAL - 2023-12-03 07:23:46 --> Undefined constant "selectedYear"
in APPPATH\Views\admin\adminhome.php on line 34.
 1 SYSTEMPATH\View\View.php(226): include()
 2 SYSTEMPATH\View\View.php(229): CodeIgniter\View\View->CodeIgniter\View\{closure}()
 3 SYSTEMPATH\Common.php(1188): CodeIgniter\View\View->render('admin/adminhome', [], true)
 4 APPPATH\Controllers\AdminController.php(91): view('admin/adminhome', [...])
 5 SYSTEMPATH\CodeIgniter.php(919): App\Controllers\AdminController->adminhomepage()
 6 SYSTEMPATH\CodeIgniter.php(494): CodeIgniter\CodeIgniter->runController(Object(App\Controllers\AdminController))
 7 SYSTEMPATH\CodeIgniter.php(353): CodeIgniter\CodeIgniter->handleRequest(null, Object(Config\Cache), false)
 8 FCPATH\index.php(79): CodeIgniter\CodeIgniter->run()
CRITICAL - 2023-12-03 07:23:46 --> Undefined constant "selectedYear"
in APPPATH\Views\admin\adminhome.php on line 34.
 1 SYSTEMPATH\View\View.php(226): include()
 2 SYSTEMPATH\View\View.php(229): CodeIgniter\View\View->CodeIgniter\View\{closure}()
 3 SYSTEMPATH\Common.php(1188): CodeIgniter\View\View->render('admin/adminhome', [], true)
 4 APPPATH\Controllers\AdminController.php(91): view('admin/adminhome', [...])
 5 SYSTEMPATH\CodeIgniter.php(919): App\Controllers\AdminController->adminhomepage()
 6 SYSTEMPATH\CodeIgniter.php(494): CodeIgniter\CodeIgniter->runController(Object(App\Controllers\AdminController))
 7 SYSTEMPATH\CodeIgniter.php(353): CodeIgniter\CodeIgniter->handleRequest(null, Object(Config\Cache), false)
 8 FCPATH\index.php(79): CodeIgniter\CodeIgniter->run()
CRITICAL - 2023-12-03 07:24:36 --> Undefined variable $selectedYear
in APPPATH\Views\admin\adminhome.php on line 34.
 1 APPPATH\Views\admin\adminhome.php(34): CodeIgniter\Debug\Exceptions->errorHandler(2, 'Undefined variable $selectedYear', 'C:\\xampp\\htdocs\\projectfyp\\app\\Views\\admin\\adminhome.php', 34)
 2 SYSTEMPATH\View\View.php(226): include('C:\\xampp\\htdocs\\projectfyp\\app\\Views\\admin\\adminhome.php')
 3 SYSTEMPATH\View\View.php(229): CodeIgniter\View\View->CodeIgniter\View\{closure}()
 4 SYSTEMPATH\Common.php(1188): CodeIgniter\View\View->render('admin/adminhome', [], true)
 5 APPPATH\Controllers\AdminController.php(91): view('admin/adminhome', [...])
 6 SYSTEMPATH\CodeIgniter.php(919): App\Controllers\AdminController->adminhomepage()
 7 SYSTEMPATH\CodeIgniter.php(494): CodeIgniter\CodeIgniter->runController(Object(App\Controllers\AdminController))
 8 SYSTEMPATH\CodeIgniter.php(353): CodeIgniter\CodeIgniter->handleRequest(null, Object(Config\Cache), false)
 9 FCPATH\index.php(79): CodeIgniter\CodeIgniter->run()
CRITICAL - 2023-12-03 07:24:36 --> Undefined variable $selectedYear
in APPPATH\Views\admin\adminhome.php on line 34.
 1 APPPATH\Views\admin\adminhome.php(34): CodeIgniter\Debug\Exceptions->errorHandler(2, 'Undefined variable $selectedYear', 'C:\\xampp\\htdocs\\projectfyp\\app\\Views\\admin\\adminhome.php', 34)
 2 SYSTEMPATH\View\View.php(226): include('C:\\xampp\\htdocs\\projectfyp\\app\\Views\\admin\\adminhome.php')
 3 SYSTEMPATH\View\View.php(229): CodeIgniter\View\View->CodeIgniter\View\{closure}()
 4 SYSTEMPATH\Common.php(1188): CodeIgniter\View\View->render('admin/adminhome', [], true)
 5 APPPATH\Controllers\AdminController.php(91): view('admin/adminhome', [...])
 6 SYSTEMPATH\CodeIgniter.php(919): App\Controllers\AdminController->adminhomepage()
 7 SYSTEMPATH\CodeIgniter.php(494): CodeIgniter\CodeIgniter->runController(Object(App\Controllers\AdminController))
 8 SYSTEMPATH\CodeIgniter.php(353): CodeIgniter\CodeIgniter->handleRequest(null, Object(Config\Cache), false)
 9 FCPATH\index.php(79): CodeIgniter\CodeIgniter->run()
CRITICAL - 2023-12-03 07:24:37 --> Undefined variable $selectedYear
in APPPATH\Views\admin\adminhome.php on line 34.
 1 APPPATH\Views\admin\adminhome.php(34): CodeIgniter\Debug\Exceptions->errorHandler(2, 'Undefined variable $selectedYear', 'C:\\xampp\\htdocs\\projectfyp\\app\\Views\\admin\\adminhome.php', 34)
 2 SYSTEMPATH\View\View.php(226): include('C:\\xampp\\htdocs\\projectfyp\\app\\Views\\admin\\adminhome.php')
 3 SYSTEMPATH\View\View.php(229): CodeIgniter\View\View->CodeIgniter\View\{closure}()
 4 SYSTEMPATH\Common.php(1188): CodeIgniter\View\View->render('admin/adminhome', [], true)
 5 APPPATH\Controllers\AdminController.php(91): view('admin/adminhome', [...])
 6 SYSTEMPATH\CodeIgniter.php(919): App\Controllers\AdminController->adminhomepage()
 7 SYSTEMPATH\CodeIgniter.php(494): CodeIgniter\CodeIgniter->runController(Object(App\Controllers\AdminController))
 8 SYSTEMPATH\CodeIgniter.php(353): CodeIgniter\CodeIgniter->handleRequest(null, Object(Config\Cache), false)
 9 FCPATH\index.php(79): CodeIgniter\CodeIgniter->run()
CRITICAL - 2023-12-03 07:24:37 --> Undefined variable $selectedYear
in APPPATH\Views\admin\adminhome.php on line 34.
 1 APPPATH\Views\admin\adminhome.php(34): CodeIgniter\Debug\Exceptions->errorHandler(2, 'Undefined variable $selectedYear', 'C:\\xampp\\htdocs\\projectfyp\\app\\Views\\admin\\adminhome.php', 34)
 2 SYSTEMPATH\View\View.php(226): include('C:\\xampp\\htdocs\\projectfyp\\app\\Views\\admin\\adminhome.php')
 3 SYSTEMPATH\View\View.php(229): CodeIgniter\View\View->CodeIgniter\View\{closure}()
 4 SYSTEMPATH\Common.php(1188): CodeIgniter\View\View->render('admin/adminhome', [], true)
 5 APPPATH\Controllers\AdminController.php(91): view('admin/adminhome', [...])
 6 SYSTEMPATH\CodeIgniter.php(919): App\Controllers\AdminController->adminhomepage()
 7 SYSTEMPATH\CodeIgniter.php(494): CodeIgniter\CodeIgniter->runController(Object(App\Controllers\AdminController))
 8 SYSTEMPATH\CodeIgniter.php(353): CodeIgniter\CodeIgniter->handleRequest(null, Object(Config\Cache), false)
 9 FCPATH\index.php(79): CodeIgniter\CodeIgniter->run()
CRITICAL - 2023-12-03 07:24:37 --> Undefined variable $selectedYear
in APPPATH\Views\admin\adminhome.php on line 34.
 1 APPPATH\Views\admin\adminhome.php(34): CodeIgniter\Debug\Exceptions->errorHandler(2, 'Undefined variable $selectedYear', 'C:\\xampp\\htdocs\\projectfyp\\app\\Views\\admin\\adminhome.php', 34)
 2 SYSTEMPATH\View\View.php(226): include('C:\\xampp\\htdocs\\projectfyp\\app\\Views\\admin\\adminhome.php')
 3 SYSTEMPATH\View\View.php(229): CodeIgniter\View\View->CodeIgniter\View\{closure}()
 4 SYSTEMPATH\Common.php(1188): CodeIgniter\View\View->render('admin/adminhome', [], true)
 5 APPPATH\Controllers\AdminController.php(91): view('admin/adminhome', [...])
 6 SYSTEMPATH\CodeIgniter.php(919): App\Controllers\AdminController->adminhomepage()
 7 SYSTEMPATH\CodeIgniter.php(494): CodeIgniter\CodeIgniter->runController(Object(App\Controllers\AdminController))
 8 SYSTEMPATH\CodeIgniter.php(353): CodeIgniter\CodeIgniter->handleRequest(null, Object(Config\Cache), false)
 9 FCPATH\index.php(79): CodeIgniter\CodeIgniter->run()
CRITICAL - 2023-12-03 07:24:38 --> Undefined variable $selectedYear
in APPPATH\Views\admin\adminhome.php on line 34.
 1 APPPATH\Views\admin\adminhome.php(34): CodeIgniter\Debug\Exceptions->errorHandler(2, 'Undefined variable $selectedYear', 'C:\\xampp\\htdocs\\projectfyp\\app\\Views\\admin\\adminhome.php', 34)
 2 SYSTEMPATH\View\View.php(226): include('C:\\xampp\\htdocs\\projectfyp\\app\\Views\\admin\\adminhome.php')
 3 SYSTEMPATH\View\View.php(229): CodeIgniter\View\View->CodeIgniter\View\{closure}()
 4 SYSTEMPATH\Common.php(1188): CodeIgniter\View\View->render('admin/adminhome', [], true)
 5 APPPATH\Controllers\AdminController.php(91): view('admin/adminhome', [...])
 6 SYSTEMPATH\CodeIgniter.php(919): App\Controllers\AdminController->adminhomepage()
 7 SYSTEMPATH\CodeIgniter.php(494): CodeIgniter\CodeIgniter->runController(Object(App\Controllers\AdminController))
 8 SYSTEMPATH\CodeIgniter.php(353): CodeIgniter\CodeIgniter->handleRequest(null, Object(Config\Cache), false)
 9 FCPATH\index.php(79): CodeIgniter\CodeIgniter->run()
CRITICAL - 2023-12-03 07:24:38 --> Undefined variable $selectedYear
in APPPATH\Views\admin\adminhome.php on line 34.
 1 APPPATH\Views\admin\adminhome.php(34): CodeIgniter\Debug\Exceptions->errorHandler(2, 'Undefined variable $selectedYear', 'C:\\xampp\\htdocs\\projectfyp\\app\\Views\\admin\\adminhome.php', 34)
 2 SYSTEMPATH\View\View.php(226): include('C:\\xampp\\htdocs\\projectfyp\\app\\Views\\admin\\adminhome.php')
 3 SYSTEMPATH\View\View.php(229): CodeIgniter\View\View->CodeIgniter\View\{closure}()
 4 SYSTEMPATH\Common.php(1188): CodeIgniter\View\View->render('admin/adminhome', [], true)
 5 APPPATH\Controllers\AdminController.php(91): view('admin/adminhome', [...])
 6 SYSTEMPATH\CodeIgniter.php(919): App\Controllers\AdminController->adminhomepage()
 7 SYSTEMPATH\CodeIgniter.php(494): CodeIgniter\CodeIgniter->runController(Object(App\Controllers\AdminController))
 8 SYSTEMPATH\CodeIgniter.php(353): CodeIgniter\CodeIgniter->handleRequest(null, Object(Config\Cache), false)
 9 FCPATH\index.php(79): CodeIgniter\CodeIgniter->run()
CRITICAL - 2023-12-03 07:24:38 --> Undefined variable $selectedYear
in APPPATH\Views\admin\adminhome.php on line 34.
 1 APPPATH\Views\admin\adminhome.php(34): CodeIgniter\Debug\Exceptions->errorHandler(2, 'Undefined variable $selectedYear', 'C:\\xampp\\htdocs\\projectfyp\\app\\Views\\admin\\adminhome.php', 34)
 2 SYSTEMPATH\View\View.php(226): include('C:\\xampp\\htdocs\\projectfyp\\app\\Views\\admin\\adminhome.php')
 3 SYSTEMPATH\View\View.php(229): CodeIgniter\View\View->CodeIgniter\View\{closure}()
 4 SYSTEMPATH\Common.php(1188): CodeIgniter\View\View->render('admin/adminhome', [], true)
 5 APPPATH\Controllers\AdminController.php(91): view('admin/adminhome', [...])
 6 SYSTEMPATH\CodeIgniter.php(919): App\Controllers\AdminController->adminhomepage()
 7 SYSTEMPATH\CodeIgniter.php(494): CodeIgniter\CodeIgniter->runController(Object(App\Controllers\AdminController))
 8 SYSTEMPATH\CodeIgniter.php(353): CodeIgniter\CodeIgniter->handleRequest(null, Object(Config\Cache), false)
 9 FCPATH\index.php(79): CodeIgniter\CodeIgniter->run()
CRITICAL - 2023-12-03 07:24:38 --> Undefined variable $selectedYear
in APPPATH\Views\admin\adminhome.php on line 34.
 1 APPPATH\Views\admin\adminhome.php(34): CodeIgniter\Debug\Exceptions->errorHandler(2, 'Undefined variable $selectedYear', 'C:\\xampp\\htdocs\\projectfyp\\app\\Views\\admin\\adminhome.php', 34)
 2 SYSTEMPATH\View\View.php(226): include('C:\\xampp\\htdocs\\projectfyp\\app\\Views\\admin\\adminhome.php')
 3 SYSTEMPATH\View\View.php(229): CodeIgniter\View\View->CodeIgniter\View\{closure}()
 4 SYSTEMPATH\Common.php(1188): CodeIgniter\View\View->render('admin/adminhome', [], true)
 5 APPPATH\Controllers\AdminController.php(91): view('admin/adminhome', [...])
 6 SYSTEMPATH\CodeIgniter.php(919): App\Controllers\AdminController->adminhomepage()
 7 SYSTEMPATH\CodeIgniter.php(494): CodeIgniter\CodeIgniter->runController(Object(App\Controllers\AdminController))
 8 SYSTEMPATH\CodeIgniter.php(353): CodeIgniter\CodeIgniter->handleRequest(null, Object(Config\Cache), false)
 9 FCPATH\index.php(79): CodeIgniter\CodeIgniter->run()
CRITICAL - 2023-12-03 07:24:39 --> Undefined variable $selectedYear
in APPPATH\Views\admin\adminhome.php on line 34.
 1 APPPATH\Views\admin\adminhome.php(34): CodeIgniter\Debug\Exceptions->errorHandler(2, 'Undefined variable $selectedYear', 'C:\\xampp\\htdocs\\projectfyp\\app\\Views\\admin\\adminhome.php', 34)
 2 SYSTEMPATH\View\View.php(226): include('C:\\xampp\\htdocs\\projectfyp\\app\\Views\\admin\\adminhome.php')
 3 SYSTEMPATH\View\View.php(229): CodeIgniter\View\View->CodeIgniter\View\{closure}()
 4 SYSTEMPATH\Common.php(1188): CodeIgniter\View\View->render('admin/adminhome', [], true)
 5 APPPATH\Controllers\AdminController.php(91): view('admin/adminhome', [...])
 6 SYSTEMPATH\CodeIgniter.php(919): App\Controllers\AdminController->adminhomepage()
 7 SYSTEMPATH\CodeIgniter.php(494): CodeIgniter\CodeIgniter->runController(Object(App\Controllers\AdminController))
 8 SYSTEMPATH\CodeIgniter.php(353): CodeIgniter\CodeIgniter->handleRequest(null, Object(Config\Cache), false)
 9 FCPATH\index.php(79): CodeIgniter\CodeIgniter->run()
CRITICAL - 2023-12-03 07:24:39 --> Undefined variable $selectedYear
in APPPATH\Views\admin\adminhome.php on line 34.
 1 APPPATH\Views\admin\adminhome.php(34): CodeIgniter\Debug\Exceptions->errorHandler(2, 'Undefined variable $selectedYear', 'C:\\xampp\\htdocs\\projectfyp\\app\\Views\\admin\\adminhome.php', 34)
 2 SYSTEMPATH\View\View.php(226): include('C:\\xampp\\htdocs\\projectfyp\\app\\Views\\admin\\adminhome.php')
 3 SYSTEMPATH\View\View.php(229): CodeIgniter\View\View->CodeIgniter\View\{closure}()
 4 SYSTEMPATH\Common.php(1188): CodeIgniter\View\View->render('admin/adminhome', [], true)
 5 APPPATH\Controllers\AdminController.php(91): view('admin/adminhome', [...])
 6 SYSTEMPATH\CodeIgniter.php(919): App\Controllers\AdminController->adminhomepage()
 7 SYSTEMPATH\CodeIgniter.php(494): CodeIgniter\CodeIgniter->runController(Object(App\Controllers\AdminController))
 8 SYSTEMPATH\CodeIgniter.php(353): CodeIgniter\CodeIgniter->handleRequest(null, Object(Config\Cache), false)
 9 FCPATH\index.php(79): CodeIgniter\CodeIgniter->run()
CRITICAL - 2023-12-03 07:24:39 --> Undefined variable $selectedYear
in APPPATH\Views\admin\adminhome.php on line 34.
 1 APPPATH\Views\admin\adminhome.php(34): CodeIgniter\Debug\Exceptions->errorHandler(2, 'Undefined variable $selectedYear', 'C:\\xampp\\htdocs\\projectfyp\\app\\Views\\admin\\adminhome.php', 34)
 2 SYSTEMPATH\View\View.php(226): include('C:\\xampp\\htdocs\\projectfyp\\app\\Views\\admin\\adminhome.php')
 3 SYSTEMPATH\View\View.php(229): CodeIgniter\View\View->CodeIgniter\View\{closure}()
 4 SYSTEMPATH\Common.php(1188): CodeIgniter\View\View->render('admin/adminhome', [], true)
 5 APPPATH\Controllers\AdminController.php(91): view('admin/adminhome', [...])
 6 SYSTEMPATH\CodeIgniter.php(919): App\Controllers\AdminController->adminhomepage()
 7 SYSTEMPATH\CodeIgniter.php(494): CodeIgniter\CodeIgniter->runController(Object(App\Controllers\AdminController))
 8 SYSTEMPATH\CodeIgniter.php(353): CodeIgniter\CodeIgniter->handleRequest(null, Object(Config\Cache), false)
 9 FCPATH\index.php(79): CodeIgniter\CodeIgniter->run()
CRITICAL - 2023-12-03 07:24:39 --> Undefined variable $selectedYear
in APPPATH\Views\admin\adminhome.php on line 34.
 1 APPPATH\Views\admin\adminhome.php(34): CodeIgniter\Debug\Exceptions->errorHandler(2, 'Undefined variable $selectedYear', 'C:\\xampp\\htdocs\\projectfyp\\app\\Views\\admin\\adminhome.php', 34)
 2 SYSTEMPATH\View\View.php(226): include('C:\\xampp\\htdocs\\projectfyp\\app\\Views\\admin\\adminhome.php')
 3 SYSTEMPATH\View\View.php(229): CodeIgniter\View\View->CodeIgniter\View\{closure}()
 4 SYSTEMPATH\Common.php(1188): CodeIgniter\View\View->render('admin/adminhome', [], true)
 5 APPPATH\Controllers\AdminController.php(91): view('admin/adminhome', [...])
 6 SYSTEMPATH\CodeIgniter.php(919): App\Controllers\AdminController->adminhomepage()
 7 SYSTEMPATH\CodeIgniter.php(494): CodeIgniter\CodeIgniter->runController(Object(App\Controllers\AdminController))
 8 SYSTEMPATH\CodeIgniter.php(353): CodeIgniter\CodeIgniter->handleRequest(null, Object(Config\Cache), false)
 9 FCPATH\index.php(79): CodeIgniter\CodeIgniter->run()
CRITICAL - 2023-12-03 07:24:39 --> Undefined variable $selectedYear
in APPPATH\Views\admin\adminhome.php on line 34.
 1 APPPATH\Views\admin\adminhome.php(34): CodeIgniter\Debug\Exceptions->errorHandler(2, 'Undefined variable $selectedYear', 'C:\\xampp\\htdocs\\projectfyp\\app\\Views\\admin\\adminhome.php', 34)
 2 SYSTEMPATH\View\View.php(226): include('C:\\xampp\\htdocs\\projectfyp\\app\\Views\\admin\\adminhome.php')
 3 SYSTEMPATH\View\View.php(229): CodeIgniter\View\View->CodeIgniter\View\{closure}()
 4 SYSTEMPATH\Common.php(1188): CodeIgniter\View\View->render('admin/adminhome', [], true)
 5 APPPATH\Controllers\AdminController.php(91): view('admin/adminhome', [...])
 6 SYSTEMPATH\CodeIgniter.php(919): App\Controllers\AdminController->adminhomepage()
 7 SYSTEMPATH\CodeIgniter.php(494): CodeIgniter\CodeIgniter->runController(Object(App\Controllers\AdminController))
 8 SYSTEMPATH\CodeIgniter.php(353): CodeIgniter\CodeIgniter->handleRequest(null, Object(Config\Cache), false)
 9 FCPATH\index.php(79): CodeIgniter\CodeIgniter->run()
CRITICAL - 2023-12-03 07:24:40 --> Undefined variable $selectedYear
in APPPATH\Views\admin\adminhome.php on line 34.
 1 APPPATH\Views\admin\adminhome.php(34): CodeIgniter\Debug\Exceptions->errorHandler(2, 'Undefined variable $selectedYear', 'C:\\xampp\\htdocs\\projectfyp\\app\\Views\\admin\\adminhome.php', 34)
 2 SYSTEMPATH\View\View.php(226): include('C:\\xampp\\htdocs\\projectfyp\\app\\Views\\admin\\adminhome.php')
 3 SYSTEMPATH\View\View.php(229): CodeIgniter\View\View->CodeIgniter\View\{closure}()
 4 SYSTEMPATH\Common.php(1188): CodeIgniter\View\View->render('admin/adminhome', [], true)
 5 APPPATH\Controllers\AdminController.php(91): view('admin/adminhome', [...])
 6 SYSTEMPATH\CodeIgniter.php(919): App\Controllers\AdminController->adminhomepage()
 7 SYSTEMPATH\CodeIgniter.php(494): CodeIgniter\CodeIgniter->runController(Object(App\Controllers\AdminController))
 8 SYSTEMPATH\CodeIgniter.php(353): CodeIgniter\CodeIgniter->handleRequest(null, Object(Config\Cache), false)
 9 FCPATH\index.php(79): CodeIgniter\CodeIgniter->run()
CRITICAL - 2023-12-03 07:24:40 --> Undefined variable $selectedYear
in APPPATH\Views\admin\adminhome.php on line 34.
 1 APPPATH\Views\admin\adminhome.php(34): CodeIgniter\Debug\Exceptions->errorHandler(2, 'Undefined variable $selectedYear', 'C:\\xampp\\htdocs\\projectfyp\\app\\Views\\admin\\adminhome.php', 34)
 2 SYSTEMPATH\View\View.php(226): include('C:\\xampp\\htdocs\\projectfyp\\app\\Views\\admin\\adminhome.php')
 3 SYSTEMPATH\View\View.php(229): CodeIgniter\View\View->CodeIgniter\View\{closure}()
 4 SYSTEMPATH\Common.php(1188): CodeIgniter\View\View->render('admin/adminhome', [], true)
 5 APPPATH\Controllers\AdminController.php(91): view('admin/adminhome', [...])
 6 SYSTEMPATH\CodeIgniter.php(919): App\Controllers\AdminController->adminhomepage()
 7 SYSTEMPATH\CodeIgniter.php(494): CodeIgniter\CodeIgniter->runController(Object(App\Controllers\AdminController))
 8 SYSTEMPATH\CodeIgniter.php(353): CodeIgniter\CodeIgniter->handleRequest(null, Object(Config\Cache), false)
 9 FCPATH\index.php(79): CodeIgniter\CodeIgniter->run()
CRITICAL - 2023-12-03 07:24:40 --> Undefined variable $selectedYear
in APPPATH\Views\admin\adminhome.php on line 34.
 1 APPPATH\Views\admin\adminhome.php(34): CodeIgniter\Debug\Exceptions->errorHandler(2, 'Undefined variable $selectedYear', 'C:\\xampp\\htdocs\\projectfyp\\app\\Views\\admin\\adminhome.php', 34)
 2 SYSTEMPATH\View\View.php(226): include('C:\\xampp\\htdocs\\projectfyp\\app\\Views\\admin\\adminhome.php')
 3 SYSTEMPATH\View\View.php(229): CodeIgniter\View\View->CodeIgniter\View\{closure}()
 4 SYSTEMPATH\Common.php(1188): CodeIgniter\View\View->render('admin/adminhome', [], true)
 5 APPPATH\Controllers\AdminController.php(91): view('admin/adminhome', [...])
 6 SYSTEMPATH\CodeIgniter.php(919): App\Controllers\AdminController->adminhomepage()
 7 SYSTEMPATH\CodeIgniter.php(494): CodeIgniter\CodeIgniter->runController(Object(App\Controllers\AdminController))
 8 SYSTEMPATH\CodeIgniter.php(353): CodeIgniter\CodeIgniter->handleRequest(null, Object(Config\Cache), false)
 9 FCPATH\index.php(79): CodeIgniter\CodeIgniter->run()
CRITICAL - 2023-12-03 07:26:01 --> Undefined variable $selectedYear
in APPPATH\Views\admin\adminhome.php on line 34.
 1 APPPATH\Views\admin\adminhome.php(34): CodeIgniter\Debug\Exceptions->errorHandler(2, 'Undefined variable $selectedYear', 'C:\\xampp\\htdocs\\projectfyp\\app\\Views\\admin\\adminhome.php', 34)
 2 SYSTEMPATH\View\View.php(226): include('C:\\xampp\\htdocs\\projectfyp\\app\\Views\\admin\\adminhome.php')
 3 SYSTEMPATH\View\View.php(229): CodeIgniter\View\View->CodeIgniter\View\{closure}()
 4 SYSTEMPATH\Common.php(1188): CodeIgniter\View\View->render('admin/adminhome', [], true)
 5 APPPATH\Controllers\AdminController.php(91): view('admin/adminhome', [...])
 6 SYSTEMPATH\CodeIgniter.php(919): App\Controllers\AdminController->adminhomepage()
 7 SYSTEMPATH\CodeIgniter.php(494): CodeIgniter\CodeIgniter->runController(Object(App\Controllers\AdminController))
 8 SYSTEMPATH\CodeIgniter.php(353): CodeIgniter\CodeIgniter->handleRequest(null, Object(Config\Cache), false)
 9 FCPATH\index.php(79): CodeIgniter\CodeIgniter->run()
CRITICAL - 2023-12-03 07:26:02 --> Undefined variable $selectedYear
in APPPATH\Views\admin\adminhome.php on line 34.
 1 APPPATH\Views\admin\adminhome.php(34): CodeIgniter\Debug\Exceptions->errorHandler(2, 'Undefined variable $selectedYear', 'C:\\xampp\\htdocs\\projectfyp\\app\\Views\\admin\\adminhome.php', 34)
 2 SYSTEMPATH\View\View.php(226): include('C:\\xampp\\htdocs\\projectfyp\\app\\Views\\admin\\adminhome.php')
 3 SYSTEMPATH\View\View.php(229): CodeIgniter\View\View->CodeIgniter\View\{closure}()
 4 SYSTEMPATH\Common.php(1188): CodeIgniter\View\View->render('admin/adminhome', [], true)
 5 APPPATH\Controllers\AdminController.php(91): view('admin/adminhome', [...])
 6 SYSTEMPATH\CodeIgniter.php(919): App\Controllers\AdminController->adminhomepage()
 7 SYSTEMPATH\CodeIgniter.php(494): CodeIgniter\CodeIgniter->runController(Object(App\Controllers\AdminController))
 8 SYSTEMPATH\CodeIgniter.php(353): CodeIgniter\CodeIgniter->handleRequest(null, Object(Config\Cache), false)
 9 FCPATH\index.php(79): CodeIgniter\CodeIgniter->run()
CRITICAL - 2023-12-03 07:26:02 --> Undefined variable $selectedYear
in APPPATH\Views\admin\adminhome.php on line 34.
 1 APPPATH\Views\admin\adminhome.php(34): CodeIgniter\Debug\Exceptions->errorHandler(2, 'Undefined variable $selectedYear', 'C:\\xampp\\htdocs\\projectfyp\\app\\Views\\admin\\adminhome.php', 34)
 2 SYSTEMPATH\View\View.php(226): include('C:\\xampp\\htdocs\\projectfyp\\app\\Views\\admin\\adminhome.php')
 3 SYSTEMPATH\View\View.php(229): CodeIgniter\View\View->CodeIgniter\View\{closure}()
 4 SYSTEMPATH\Common.php(1188): CodeIgniter\View\View->render('admin/adminhome', [], true)
 5 APPPATH\Controllers\AdminController.php(91): view('admin/adminhome', [...])
 6 SYSTEMPATH\CodeIgniter.php(919): App\Controllers\AdminController->adminhomepage()
 7 SYSTEMPATH\CodeIgniter.php(494): CodeIgniter\CodeIgniter->runController(Object(App\Controllers\AdminController))
 8 SYSTEMPATH\CodeIgniter.php(353): CodeIgniter\CodeIgniter->handleRequest(null, Object(Config\Cache), false)
 9 FCPATH\index.php(79): CodeIgniter\CodeIgniter->run()
CRITICAL - 2023-12-03 07:26:02 --> Undefined variable $selectedYear
in APPPATH\Views\admin\adminhome.php on line 34.
 1 APPPATH\Views\admin\adminhome.php(34): CodeIgniter\Debug\Exceptions->errorHandler(2, 'Undefined variable $selectedYear', 'C:\\xampp\\htdocs\\projectfyp\\app\\Views\\admin\\adminhome.php', 34)
 2 SYSTEMPATH\View\View.php(226): include('C:\\xampp\\htdocs\\projectfyp\\app\\Views\\admin\\adminhome.php')
 3 SYSTEMPATH\View\View.php(229): CodeIgniter\View\View->CodeIgniter\View\{closure}()
 4 SYSTEMPATH\Common.php(1188): CodeIgniter\View\View->render('admin/adminhome', [], true)
 5 APPPATH\Controllers\AdminController.php(91): view('admin/adminhome', [...])
 6 SYSTEMPATH\CodeIgniter.php(919): App\Controllers\AdminController->adminhomepage()
 7 SYSTEMPATH\CodeIgniter.php(494): CodeIgniter\CodeIgniter->runController(Object(App\Controllers\AdminController))
 8 SYSTEMPATH\CodeIgniter.php(353): CodeIgniter\CodeIgniter->handleRequest(null, Object(Config\Cache), false)
 9 FCPATH\index.php(79): CodeIgniter\CodeIgniter->run()
CRITICAL - 2023-12-03 07:26:03 --> Undefined variable $selectedYear
in APPPATH\Views\admin\adminhome.php on line 34.
 1 APPPATH\Views\admin\adminhome.php(34): CodeIgniter\Debug\Exceptions->errorHandler(2, 'Undefined variable $selectedYear', 'C:\\xampp\\htdocs\\projectfyp\\app\\Views\\admin\\adminhome.php', 34)
 2 SYSTEMPATH\View\View.php(226): include('C:\\xampp\\htdocs\\projectfyp\\app\\Views\\admin\\adminhome.php')
 3 SYSTEMPATH\View\View.php(229): CodeIgniter\View\View->CodeIgniter\View\{closure}()
 4 SYSTEMPATH\Common.php(1188): CodeIgniter\View\View->render('admin/adminhome', [], true)
 5 APPPATH\Controllers\AdminController.php(91): view('admin/adminhome', [...])
 6 SYSTEMPATH\CodeIgniter.php(919): App\Controllers\AdminController->adminhomepage()
 7 SYSTEMPATH\CodeIgniter.php(494): CodeIgniter\CodeIgniter->runController(Object(App\Controllers\AdminController))
 8 SYSTEMPATH\CodeIgniter.php(353): CodeIgniter\CodeIgniter->handleRequest(null, Object(Config\Cache), false)
 9 FCPATH\index.php(79): CodeIgniter\CodeIgniter->run()
CRITICAL - 2023-12-03 07:26:03 --> Undefined variable $selectedYear
in APPPATH\Views\admin\adminhome.php on line 34.
 1 APPPATH\Views\admin\adminhome.php(34): CodeIgniter\Debug\Exceptions->errorHandler(2, 'Undefined variable $selectedYear', 'C:\\xampp\\htdocs\\projectfyp\\app\\Views\\admin\\adminhome.php', 34)
 2 SYSTEMPATH\View\View.php(226): include('C:\\xampp\\htdocs\\projectfyp\\app\\Views\\admin\\adminhome.php')
 3 SYSTEMPATH\View\View.php(229): CodeIgniter\View\View->CodeIgniter\View\{closure}()
 4 SYSTEMPATH\Common.php(1188): CodeIgniter\View\View->render('admin/adminhome', [], true)
 5 APPPATH\Controllers\AdminController.php(91): view('admin/adminhome', [...])
 6 SYSTEMPATH\CodeIgniter.php(919): App\Controllers\AdminController->adminhomepage()
 7 SYSTEMPATH\CodeIgniter.php(494): CodeIgniter\CodeIgniter->runController(Object(App\Controllers\AdminController))
 8 SYSTEMPATH\CodeIgniter.php(353): CodeIgniter\CodeIgniter->handleRequest(null, Object(Config\Cache), false)
 9 FCPATH\index.php(79): CodeIgniter\CodeIgniter->run()
CRITICAL - 2023-12-03 07:26:03 --> Undefined variable $selectedYear
in APPPATH\Views\admin\adminhome.php on line 34.
 1 APPPATH\Views\admin\adminhome.php(34): CodeIgniter\Debug\Exceptions->errorHandler(2, 'Undefined variable $selectedYear', 'C:\\xampp\\htdocs\\projectfyp\\app\\Views\\admin\\adminhome.php', 34)
 2 SYSTEMPATH\View\View.php(226): include('C:\\xampp\\htdocs\\projectfyp\\app\\Views\\admin\\adminhome.php')
 3 SYSTEMPATH\View\View.php(229): CodeIgniter\View\View->CodeIgniter\View\{closure}()
 4 SYSTEMPATH\Common.php(1188): CodeIgniter\View\View->render('admin/adminhome', [], true)
 5 APPPATH\Controllers\AdminController.php(91): view('admin/adminhome', [...])
 6 SYSTEMPATH\CodeIgniter.php(919): App\Controllers\AdminController->adminhomepage()
 7 SYSTEMPATH\CodeIgniter.php(494): CodeIgniter\CodeIgniter->runController(Object(App\Controllers\AdminController))
 8 SYSTEMPATH\CodeIgniter.php(353): CodeIgniter\CodeIgniter->handleRequest(null, Object(Config\Cache), false)
 9 FCPATH\index.php(79): CodeIgniter\CodeIgniter->run()
CRITICAL - 2023-12-03 07:26:03 --> Undefined variable $selectedYear
in APPPATH\Views\admin\adminhome.php on line 34.
 1 APPPATH\Views\admin\adminhome.php(34): CodeIgniter\Debug\Exceptions->errorHandler(2, 'Undefined variable $selectedYear', 'C:\\xampp\\htdocs\\projectfyp\\app\\Views\\admin\\adminhome.php', 34)
 2 SYSTEMPATH\View\View.php(226): include('C:\\xampp\\htdocs\\projectfyp\\app\\Views\\admin\\adminhome.php')
 3 SYSTEMPATH\View\View.php(229): CodeIgniter\View\View->CodeIgniter\View\{closure}()
 4 SYSTEMPATH\Common.php(1188): CodeIgniter\View\View->render('admin/adminhome', [], true)
 5 APPPATH\Controllers\AdminController.php(91): view('admin/adminhome', [...])
 6 SYSTEMPATH\CodeIgniter.php(919): App\Controllers\AdminController->adminhomepage()
 7 SYSTEMPATH\CodeIgniter.php(494): CodeIgniter\CodeIgniter->runController(Object(App\Controllers\AdminController))
 8 SYSTEMPATH\CodeIgniter.php(353): CodeIgniter\CodeIgniter->handleRequest(null, Object(Config\Cache), false)
 9 FCPATH\index.php(79): CodeIgniter\CodeIgniter->run()
CRITICAL - 2023-12-03 07:26:03 --> Undefined variable $selectedYear
in APPPATH\Views\admin\adminhome.php on line 34.
 1 APPPATH\Views\admin\adminhome.php(34): CodeIgniter\Debug\Exceptions->errorHandler(2, 'Undefined variable $selectedYear', 'C:\\xampp\\htdocs\\projectfyp\\app\\Views\\admin\\adminhome.php', 34)
 2 SYSTEMPATH\View\View.php(226): include('C:\\xampp\\htdocs\\projectfyp\\app\\Views\\admin\\adminhome.php')
 3 SYSTEMPATH\View\View.php(229): CodeIgniter\View\View->CodeIgniter\View\{closure}()
 4 SYSTEMPATH\Common.php(1188): CodeIgniter\View\View->render('admin/adminhome', [], true)
 5 APPPATH\Controllers\AdminController.php(91): view('admin/adminhome', [...])
 6 SYSTEMPATH\CodeIgniter.php(919): App\Controllers\AdminController->adminhomepage()
 7 SYSTEMPATH\CodeIgniter.php(494): CodeIgniter\CodeIgniter->runController(Object(App\Controllers\AdminController))
 8 SYSTEMPATH\CodeIgniter.php(353): CodeIgniter\CodeIgniter->handleRequest(null, Object(Config\Cache), false)
 9 FCPATH\index.php(79): CodeIgniter\CodeIgniter->run()
CRITICAL - 2023-12-03 07:26:04 --> Undefined variable $selectedYear
in APPPATH\Views\admin\adminhome.php on line 34.
 1 APPPATH\Views\admin\adminhome.php(34): CodeIgniter\Debug\Exceptions->errorHandler(2, 'Undefined variable $selectedYear', 'C:\\xampp\\htdocs\\projectfyp\\app\\Views\\admin\\adminhome.php', 34)
 2 SYSTEMPATH\View\View.php(226): include('C:\\xampp\\htdocs\\projectfyp\\app\\Views\\admin\\adminhome.php')
 3 SYSTEMPATH\View\View.php(229): CodeIgniter\View\View->CodeIgniter\View\{closure}()
 4 SYSTEMPATH\Common.php(1188): CodeIgniter\View\View->render('admin/adminhome', [], true)
 5 APPPATH\Controllers\AdminController.php(91): view('admin/adminhome', [...])
 6 SYSTEMPATH\CodeIgniter.php(919): App\Controllers\AdminController->adminhomepage()
 7 SYSTEMPATH\CodeIgniter.php(494): CodeIgniter\CodeIgniter->runController(Object(App\Controllers\AdminController))
 8 SYSTEMPATH\CodeIgniter.php(353): CodeIgniter\CodeIgniter->handleRequest(null, Object(Config\Cache), false)
 9 FCPATH\index.php(79): CodeIgniter\CodeIgniter->run()
CRITICAL - 2023-12-03 07:26:04 --> Undefined variable $selectedYear
in APPPATH\Views\admin\adminhome.php on line 34.
 1 APPPATH\Views\admin\adminhome.php(34): CodeIgniter\Debug\Exceptions->errorHandler(2, 'Undefined variable $selectedYear', 'C:\\xampp\\htdocs\\projectfyp\\app\\Views\\admin\\adminhome.php', 34)
 2 SYSTEMPATH\View\View.php(226): include('C:\\xampp\\htdocs\\projectfyp\\app\\Views\\admin\\adminhome.php')
 3 SYSTEMPATH\View\View.php(229): CodeIgniter\View\View->CodeIgniter\View\{closure}()
 4 SYSTEMPATH\Common.php(1188): CodeIgniter\View\View->render('admin/adminhome', [], true)
 5 APPPATH\Controllers\AdminController.php(91): view('admin/adminhome', [...])
 6 SYSTEMPATH\CodeIgniter.php(919): App\Controllers\AdminController->adminhomepage()
 7 SYSTEMPATH\CodeIgniter.php(494): CodeIgniter\CodeIgniter->runController(Object(App\Controllers\AdminController))
 8 SYSTEMPATH\CodeIgniter.php(353): CodeIgniter\CodeIgniter->handleRequest(null, Object(Config\Cache), false)
 9 FCPATH\index.php(79): CodeIgniter\CodeIgniter->run()
CRITICAL - 2023-12-03 07:26:04 --> Undefined variable $selectedYear
in APPPATH\Views\admin\adminhome.php on line 34.
 1 APPPATH\Views\admin\adminhome.php(34): CodeIgniter\Debug\Exceptions->errorHandler(2, 'Undefined variable $selectedYear', 'C:\\xampp\\htdocs\\projectfyp\\app\\Views\\admin\\adminhome.php', 34)
 2 SYSTEMPATH\View\View.php(226): include('C:\\xampp\\htdocs\\projectfyp\\app\\Views\\admin\\adminhome.php')
 3 SYSTEMPATH\View\View.php(229): CodeIgniter\View\View->CodeIgniter\View\{closure}()
 4 SYSTEMPATH\Common.php(1188): CodeIgniter\View\View->render('admin/adminhome', [], true)
 5 APPPATH\Controllers\AdminController.php(91): view('admin/adminhome', [...])
 6 SYSTEMPATH\CodeIgniter.php(919): App\Controllers\AdminController->adminhomepage()
 7 SYSTEMPATH\CodeIgniter.php(494): CodeIgniter\CodeIgniter->runController(Object(App\Controllers\AdminController))
 8 SYSTEMPATH\CodeIgniter.php(353): CodeIgniter\CodeIgniter->handleRequest(null, Object(Config\Cache), false)
 9 FCPATH\index.php(79): CodeIgniter\CodeIgniter->run()
CRITICAL - 2023-12-03 07:26:04 --> Undefined variable $selectedYear
in APPPATH\Views\admin\adminhome.php on line 34.
 1 APPPATH\Views\admin\adminhome.php(34): CodeIgniter\Debug\Exceptions->errorHandler(2, 'Undefined variable $selectedYear', 'C:\\xampp\\htdocs\\projectfyp\\app\\Views\\admin\\adminhome.php', 34)
 2 SYSTEMPATH\View\View.php(226): include('C:\\xampp\\htdocs\\projectfyp\\app\\Views\\admin\\adminhome.php')
 3 SYSTEMPATH\View\View.php(229): CodeIgniter\View\View->CodeIgniter\View\{closure}()
 4 SYSTEMPATH\Common.php(1188): CodeIgniter\View\View->render('admin/adminhome', [], true)
 5 APPPATH\Controllers\AdminController.php(91): view('admin/adminhome', [...])
 6 SYSTEMPATH\CodeIgniter.php(919): App\Controllers\AdminController->adminhomepage()
 7 SYSTEMPATH\CodeIgniter.php(494): CodeIgniter\CodeIgniter->runController(Object(App\Controllers\AdminController))
 8 SYSTEMPATH\CodeIgniter.php(353): CodeIgniter\CodeIgniter->handleRequest(null, Object(Config\Cache), false)
 9 FCPATH\index.php(79): CodeIgniter\CodeIgniter->run()
CRITICAL - 2023-12-03 07:26:04 --> Undefined variable $selectedYear
in APPPATH\Views\admin\adminhome.php on line 34.
 1 APPPATH\Views\admin\adminhome.php(34): CodeIgniter\Debug\Exceptions->errorHandler(2, 'Undefined variable $selectedYear', 'C:\\xampp\\htdocs\\projectfyp\\app\\Views\\admin\\adminhome.php', 34)
 2 SYSTEMPATH\View\View.php(226): include('C:\\xampp\\htdocs\\projectfyp\\app\\Views\\admin\\adminhome.php')
 3 SYSTEMPATH\View\View.php(229): CodeIgniter\View\View->CodeIgniter\View\{closure}()
 4 SYSTEMPATH\Common.php(1188): CodeIgniter\View\View->render('admin/adminhome', [], true)
 5 APPPATH\Controllers\AdminController.php(91): view('admin/adminhome', [...])
 6 SYSTEMPATH\CodeIgniter.php(919): App\Controllers\AdminController->adminhomepage()
 7 SYSTEMPATH\CodeIgniter.php(494): CodeIgniter\CodeIgniter->runController(Object(App\Controllers\AdminController))
 8 SYSTEMPATH\CodeIgniter.php(353): CodeIgniter\CodeIgniter->handleRequest(null, Object(Config\Cache), false)
 9 FCPATH\index.php(79): CodeIgniter\CodeIgniter->run()
CRITICAL - 2023-12-03 07:26:05 --> Undefined variable $selectedYear
in APPPATH\Views\admin\adminhome.php on line 34.
 1 APPPATH\Views\admin\adminhome.php(34): CodeIgniter\Debug\Exceptions->errorHandler(2, 'Undefined variable $selectedYear', 'C:\\xampp\\htdocs\\projectfyp\\app\\Views\\admin\\adminhome.php', 34)
 2 SYSTEMPATH\View\View.php(226): include('C:\\xampp\\htdocs\\projectfyp\\app\\Views\\admin\\adminhome.php')
 3 SYSTEMPATH\View\View.php(229): CodeIgniter\View\View->CodeIgniter\View\{closure}()
 4 SYSTEMPATH\Common.php(1188): CodeIgniter\View\View->render('admin/adminhome', [], true)
 5 APPPATH\Controllers\AdminController.php(91): view('admin/adminhome', [...])
 6 SYSTEMPATH\CodeIgniter.php(919): App\Controllers\AdminController->adminhomepage()
 7 SYSTEMPATH\CodeIgniter.php(494): CodeIgniter\CodeIgniter->runController(Object(App\Controllers\AdminController))
 8 SYSTEMPATH\CodeIgniter.php(353): CodeIgniter\CodeIgniter->handleRequest(null, Object(Config\Cache), false)
 9 FCPATH\index.php(79): CodeIgniter\CodeIgniter->run()
CRITICAL - 2023-12-03 07:26:05 --> Undefined variable $selectedYear
in APPPATH\Views\admin\adminhome.php on line 34.
 1 APPPATH\Views\admin\adminhome.php(34): CodeIgniter\Debug\Exceptions->errorHandler(2, 'Undefined variable $selectedYear', 'C:\\xampp\\htdocs\\projectfyp\\app\\Views\\admin\\adminhome.php', 34)
 2 SYSTEMPATH\View\View.php(226): include('C:\\xampp\\htdocs\\projectfyp\\app\\Views\\admin\\adminhome.php')
 3 SYSTEMPATH\View\View.php(229): CodeIgniter\View\View->CodeIgniter\View\{closure}()
 4 SYSTEMPATH\Common.php(1188): CodeIgniter\View\View->render('admin/adminhome', [], true)
 5 APPPATH\Controllers\AdminController.php(91): view('admin/adminhome', [...])
 6 SYSTEMPATH\CodeIgniter.php(919): App\Controllers\AdminController->adminhomepage()
 7 SYSTEMPATH\CodeIgniter.php(494): CodeIgniter\CodeIgniter->runController(Object(App\Controllers\AdminController))
 8 SYSTEMPATH\CodeIgniter.php(353): CodeIgniter\CodeIgniter->handleRequest(null, Object(Config\Cache), false)
 9 FCPATH\index.php(79): CodeIgniter\CodeIgniter->run()
CRITICAL - 2023-12-03 07:26:05 --> Undefined variable $selectedYear
in APPPATH\Views\admin\adminhome.php on line 34.
 1 APPPATH\Views\admin\adminhome.php(34): CodeIgniter\Debug\Exceptions->errorHandler(2, 'Undefined variable $selectedYear', 'C:\\xampp\\htdocs\\projectfyp\\app\\Views\\admin\\adminhome.php', 34)
 2 SYSTEMPATH\View\View.php(226): include('C:\\xampp\\htdocs\\projectfyp\\app\\Views\\admin\\adminhome.php')
 3 SYSTEMPATH\View\View.php(229): CodeIgniter\View\View->CodeIgniter\View\{closure}()
 4 SYSTEMPATH\Common.php(1188): CodeIgniter\View\View->render('admin/adminhome', [], true)
 5 APPPATH\Controllers\AdminController.php(91): view('admin/adminhome', [...])
 6 SYSTEMPATH\CodeIgniter.php(919): App\Controllers\AdminController->adminhomepage()
 7 SYSTEMPATH\CodeIgniter.php(494): CodeIgniter\CodeIgniter->runController(Object(App\Controllers\AdminController))
 8 SYSTEMPATH\CodeIgniter.php(353): CodeIgniter\CodeIgniter->handleRequest(null, Object(Config\Cache), false)
 9 FCPATH\index.php(79): CodeIgniter\CodeIgniter->run()
CRITICAL - 2023-12-03 07:26:05 --> Undefined variable $selectedYear
in APPPATH\Views\admin\adminhome.php on line 34.
 1 APPPATH\Views\admin\adminhome.php(34): CodeIgniter\Debug\Exceptions->errorHandler(2, 'Undefined variable $selectedYear', 'C:\\xampp\\htdocs\\projectfyp\\app\\Views\\admin\\adminhome.php', 34)
 2 SYSTEMPATH\View\View.php(226): include('C:\\xampp\\htdocs\\projectfyp\\app\\Views\\admin\\adminhome.php')
 3 SYSTEMPATH\View\View.php(229): CodeIgniter\View\View->CodeIgniter\View\{closure}()
 4 SYSTEMPATH\Common.php(1188): CodeIgniter\View\View->render('admin/adminhome', [], true)
 5 APPPATH\Controllers\AdminController.php(91): view('admin/adminhome', [...])
 6 SYSTEMPATH\CodeIgniter.php(919): App\Controllers\AdminController->adminhomepage()
 7 SYSTEMPATH\CodeIgniter.php(494): CodeIgniter\CodeIgniter->runController(Object(App\Controllers\AdminController))
 8 SYSTEMPATH\CodeIgniter.php(353): CodeIgniter\CodeIgniter->handleRequest(null, Object(Config\Cache), false)
 9 FCPATH\index.php(79): CodeIgniter\CodeIgniter->run()
CRITICAL - 2023-12-03 07:26:05 --> Undefined variable $selectedYear
in APPPATH\Views\admin\adminhome.php on line 34.
 1 APPPATH\Views\admin\adminhome.php(34): CodeIgniter\Debug\Exceptions->errorHandler(2, 'Undefined variable $selectedYear', 'C:\\xampp\\htdocs\\projectfyp\\app\\Views\\admin\\adminhome.php', 34)
 2 SYSTEMPATH\View\View.php(226): include('C:\\xampp\\htdocs\\projectfyp\\app\\Views\\admin\\adminhome.php')
 3 SYSTEMPATH\View\View.php(229): CodeIgniter\View\View->CodeIgniter\View\{closure}()
 4 SYSTEMPATH\Common.php(1188): CodeIgniter\View\View->render('admin/adminhome', [], true)
 5 APPPATH\Controllers\AdminController.php(91): view('admin/adminhome', [...])
 6 SYSTEMPATH\CodeIgniter.php(919): App\Controllers\AdminController->adminhomepage()
 7 SYSTEMPATH\CodeIgniter.php(494): CodeIgniter\CodeIgniter->runController(Object(App\Controllers\AdminController))
 8 SYSTEMPATH\CodeIgniter.php(353): CodeIgniter\CodeIgniter->handleRequest(null, Object(Config\Cache), false)
 9 FCPATH\index.php(79): CodeIgniter\CodeIgniter->run()
CRITICAL - 2023-12-03 07:26:06 --> Undefined variable $selectedYear
in APPPATH\Views\admin\adminhome.php on line 34.
 1 APPPATH\Views\admin\adminhome.php(34): CodeIgniter\Debug\Exceptions->errorHandler(2, 'Undefined variable $selectedYear', 'C:\\xampp\\htdocs\\projectfyp\\app\\Views\\admin\\adminhome.php', 34)
 2 SYSTEMPATH\View\View.php(226): include('C:\\xampp\\htdocs\\projectfyp\\app\\Views\\admin\\adminhome.php')
 3 SYSTEMPATH\View\View.php(229): CodeIgniter\View\View->CodeIgniter\View\{closure}()
 4 SYSTEMPATH\Common.php(1188): CodeIgniter\View\View->render('admin/adminhome', [], true)
 5 APPPATH\Controllers\AdminController.php(91): view('admin/adminhome', [...])
 6 SYSTEMPATH\CodeIgniter.php(919): App\Controllers\AdminController->adminhomepage()
 7 SYSTEMPATH\CodeIgniter.php(494): CodeIgniter\CodeIgniter->runController(Object(App\Controllers\AdminController))
 8 SYSTEMPATH\CodeIgniter.php(353): CodeIgniter\CodeIgniter->handleRequest(null, Object(Config\Cache), false)
 9 FCPATH\index.php(79): CodeIgniter\CodeIgniter->run()
CRITICAL - 2023-12-03 07:26:06 --> Undefined variable $selectedYear
in APPPATH\Views\admin\adminhome.php on line 34.
 1 APPPATH\Views\admin\adminhome.php(34): CodeIgniter\Debug\Exceptions->errorHandler(2, 'Undefined variable $selectedYear', 'C:\\xampp\\htdocs\\projectfyp\\app\\Views\\admin\\adminhome.php', 34)
 2 SYSTEMPATH\View\View.php(226): include('C:\\xampp\\htdocs\\projectfyp\\app\\Views\\admin\\adminhome.php')
 3 SYSTEMPATH\View\View.php(229): CodeIgniter\View\View->CodeIgniter\View\{closure}()
 4 SYSTEMPATH\Common.php(1188): CodeIgniter\View\View->render('admin/adminhome', [], true)
 5 APPPATH\Controllers\AdminController.php(91): view('admin/adminhome', [...])
 6 SYSTEMPATH\CodeIgniter.php(919): App\Controllers\AdminController->adminhomepage()
 7 SYSTEMPATH\CodeIgniter.php(494): CodeIgniter\CodeIgniter->runController(Object(App\Controllers\AdminController))
 8 SYSTEMPATH\CodeIgniter.php(353): CodeIgniter\CodeIgniter->handleRequest(null, Object(Config\Cache), false)
 9 FCPATH\index.php(79): CodeIgniter\CodeIgniter->run()
CRITICAL - 2023-12-03 07:26:06 --> Undefined variable $selectedYear
in APPPATH\Views\admin\adminhome.php on line 34.
 1 APPPATH\Views\admin\adminhome.php(34): CodeIgniter\Debug\Exceptions->errorHandler(2, 'Undefined variable $selectedYear', 'C:\\xampp\\htdocs\\projectfyp\\app\\Views\\admin\\adminhome.php', 34)
 2 SYSTEMPATH\View\View.php(226): include('C:\\xampp\\htdocs\\projectfyp\\app\\Views\\admin\\adminhome.php')
 3 SYSTEMPATH\View\View.php(229): CodeIgniter\View\View->CodeIgniter\View\{closure}()
 4 SYSTEMPATH\Common.php(1188): CodeIgniter\View\View->render('admin/adminhome', [], true)
 5 APPPATH\Controllers\AdminController.php(91): view('admin/adminhome', [...])
 6 SYSTEMPATH\CodeIgniter.php(919): App\Controllers\AdminController->adminhomepage()
 7 SYSTEMPATH\CodeIgniter.php(494): CodeIgniter\CodeIgniter->runController(Object(App\Controllers\AdminController))
 8 SYSTEMPATH\CodeIgniter.php(353): CodeIgniter\CodeIgniter->handleRequest(null, Object(Config\Cache), false)
 9 FCPATH\index.php(79): CodeIgniter\CodeIgniter->run()
CRITICAL - 2023-12-03 07:26:06 --> Undefined variable $selectedYear
in APPPATH\Views\admin\adminhome.php on line 34.
 1 APPPATH\Views\admin\adminhome.php(34): CodeIgniter\Debug\Exceptions->errorHandler(2, 'Undefined variable $selectedYear', 'C:\\xampp\\htdocs\\projectfyp\\app\\Views\\admin\\adminhome.php', 34)
 2 SYSTEMPATH\View\View.php(226): include('C:\\xampp\\htdocs\\projectfyp\\app\\Views\\admin\\adminhome.php')
 3 SYSTEMPATH\View\View.php(229): CodeIgniter\View\View->CodeIgniter\View\{closure}()
 4 SYSTEMPATH\Common.php(1188): CodeIgniter\View\View->render('admin/adminhome', [], true)
 5 APPPATH\Controllers\AdminController.php(91): view('admin/adminhome', [...])
 6 SYSTEMPATH\CodeIgniter.php(919): App\Controllers\AdminController->adminhomepage()
 7 SYSTEMPATH\CodeIgniter.php(494): CodeIgniter\CodeIgniter->runController(Object(App\Controllers\AdminController))
 8 SYSTEMPATH\CodeIgniter.php(353): CodeIgniter\CodeIgniter->handleRequest(null, Object(Config\Cache), false)
 9 FCPATH\index.php(79): CodeIgniter\CodeIgniter->run()
CRITICAL - 2023-12-03 07:31:09 --> Undefined variable $userCounts
in APPPATH\Views\admin\adminhome.php on line 34.
 1 APPPATH\Views\admin\adminhome.php(34): CodeIgniter\Debug\Exceptions->errorHandler(2, 'Undefined variable $userCounts', 'C:\\xampp\\htdocs\\projectfyp\\app\\Views\\admin\\adminhome.php', 34)
 2 SYSTEMPATH\View\View.php(226): include('C:\\xampp\\htdocs\\projectfyp\\app\\Views\\admin\\adminhome.php')
 3 SYSTEMPATH\View\View.php(229): CodeIgniter\View\View->CodeIgniter\View\{closure}()
 4 SYSTEMPATH\Common.php(1188): CodeIgniter\View\View->render('admin/adminhome', [], true)
 5 APPPATH\Controllers\AdminController.php(73): view('admin/adminhome', [...])
 6 SYSTEMPATH\CodeIgniter.php(919): App\Controllers\AdminController->adminhomepage()
 7 SYSTEMPATH\CodeIgniter.php(494): CodeIgniter\CodeIgniter->runController(Object(App\Controllers\AdminController))
 8 SYSTEMPATH\CodeIgniter.php(353): CodeIgniter\CodeIgniter->handleRequest(null, Object(Config\Cache), false)
 9 FCPATH\index.php(79): CodeIgniter\CodeIgniter->run()
CRITICAL - 2023-12-03 07:31:09 --> Undefined variable $userCounts
in APPPATH\Views\admin\adminhome.php on line 34.
 1 APPPATH\Views\admin\adminhome.php(34): CodeIgniter\Debug\Exceptions->errorHandler(2, 'Undefined variable $userCounts', 'C:\\xampp\\htdocs\\projectfyp\\app\\Views\\admin\\adminhome.php', 34)
 2 SYSTEMPATH\View\View.php(226): include('C:\\xampp\\htdocs\\projectfyp\\app\\Views\\admin\\adminhome.php')
 3 SYSTEMPATH\View\View.php(229): CodeIgniter\View\View->CodeIgniter\View\{closure}()
 4 SYSTEMPATH\Common.php(1188): CodeIgniter\View\View->render('admin/adminhome', [], true)
 5 APPPATH\Controllers\AdminController.php(73): view('admin/adminhome', [...])
 6 SYSTEMPATH\CodeIgniter.php(919): App\Controllers\AdminController->adminhomepage()
 7 SYSTEMPATH\CodeIgniter.php(494): CodeIgniter\CodeIgniter->runController(Object(App\Controllers\AdminController))
 8 SYSTEMPATH\CodeIgniter.php(353): CodeIgniter\CodeIgniter->handleRequest(null, Object(Config\Cache), false)
 9 FCPATH\index.php(79): CodeIgniter\CodeIgniter->run()
CRITICAL - 2023-12-03 07:31:09 --> Undefined variable $userCounts
in APPPATH\Views\admin\adminhome.php on line 34.
 1 APPPATH\Views\admin\adminhome.php(34): CodeIgniter\Debug\Exceptions->errorHandler(2, 'Undefined variable $userCounts', 'C:\\xampp\\htdocs\\projectfyp\\app\\Views\\admin\\adminhome.php', 34)
 2 SYSTEMPATH\View\View.php(226): include('C:\\xampp\\htdocs\\projectfyp\\app\\Views\\admin\\adminhome.php')
 3 SYSTEMPATH\View\View.php(229): CodeIgniter\View\View->CodeIgniter\View\{closure}()
 4 SYSTEMPATH\Common.php(1188): CodeIgniter\View\View->render('admin/adminhome', [], true)
 5 APPPATH\Controllers\AdminController.php(73): view('admin/adminhome', [...])
 6 SYSTEMPATH\CodeIgniter.php(919): App\Controllers\AdminController->adminhomepage()
 7 SYSTEMPATH\CodeIgniter.php(494): CodeIgniter\CodeIgniter->runController(Object(App\Controllers\AdminController))
 8 SYSTEMPATH\CodeIgniter.php(353): CodeIgniter\CodeIgniter->handleRequest(null, Object(Config\Cache), false)
 9 FCPATH\index.php(79): CodeIgniter\CodeIgniter->run()
CRITICAL - 2023-12-03 07:31:09 --> Undefined variable $userCounts
in APPPATH\Views\admin\adminhome.php on line 34.
 1 APPPATH\Views\admin\adminhome.php(34): CodeIgniter\Debug\Exceptions->errorHandler(2, 'Undefined variable $userCounts', 'C:\\xampp\\htdocs\\projectfyp\\app\\Views\\admin\\adminhome.php', 34)
 2 SYSTEMPATH\View\View.php(226): include('C:\\xampp\\htdocs\\projectfyp\\app\\Views\\admin\\adminhome.php')
 3 SYSTEMPATH\View\View.php(229): CodeIgniter\View\View->CodeIgniter\View\{closure}()
 4 SYSTEMPATH\Common.php(1188): CodeIgniter\View\View->render('admin/adminhome', [], true)
 5 APPPATH\Controllers\AdminController.php(73): view('admin/adminhome', [...])
 6 SYSTEMPATH\CodeIgniter.php(919): App\Controllers\AdminController->adminhomepage()
 7 SYSTEMPATH\CodeIgniter.php(494): CodeIgniter\CodeIgniter->runController(Object(App\Controllers\AdminController))
 8 SYSTEMPATH\CodeIgniter.php(353): CodeIgniter\CodeIgniter->handleRequest(null, Object(Config\Cache), false)
 9 FCPATH\index.php(79): CodeIgniter\CodeIgniter->run()
CRITICAL - 2023-12-03 07:31:10 --> Undefined variable $userCounts
in APPPATH\Views\admin\adminhome.php on line 34.
 1 APPPATH\Views\admin\adminhome.php(34): CodeIgniter\Debug\Exceptions->errorHandler(2, 'Undefined variable $userCounts', 'C:\\xampp\\htdocs\\projectfyp\\app\\Views\\admin\\adminhome.php', 34)
 2 SYSTEMPATH\View\View.php(226): include('C:\\xampp\\htdocs\\projectfyp\\app\\Views\\admin\\adminhome.php')
 3 SYSTEMPATH\View\View.php(229): CodeIgniter\View\View->CodeIgniter\View\{closure}()
 4 SYSTEMPATH\Common.php(1188): CodeIgniter\View\View->render('admin/adminhome', [], true)
 5 APPPATH\Controllers\AdminController.php(73): view('admin/adminhome', [...])
 6 SYSTEMPATH\CodeIgniter.php(919): App\Controllers\AdminController->adminhomepage()
 7 SYSTEMPATH\CodeIgniter.php(494): CodeIgniter\CodeIgniter->runController(Object(App\Controllers\AdminController))
 8 SYSTEMPATH\CodeIgniter.php(353): CodeIgniter\CodeIgniter->handleRequest(null, Object(Config\Cache), false)
 9 FCPATH\index.php(79): CodeIgniter\CodeIgniter->run()
CRITICAL - 2023-12-03 07:31:10 --> Undefined variable $userCounts
in APPPATH\Views\admin\adminhome.php on line 34.
 1 APPPATH\Views\admin\adminhome.php(34): CodeIgniter\Debug\Exceptions->errorHandler(2, 'Undefined variable $userCounts', 'C:\\xampp\\htdocs\\projectfyp\\app\\Views\\admin\\adminhome.php', 34)
 2 SYSTEMPATH\View\View.php(226): include('C:\\xampp\\htdocs\\projectfyp\\app\\Views\\admin\\adminhome.php')
 3 SYSTEMPATH\View\View.php(229): CodeIgniter\View\View->CodeIgniter\View\{closure}()
 4 SYSTEMPATH\Common.php(1188): CodeIgniter\View\View->render('admin/adminhome', [], true)
 5 APPPATH\Controllers\AdminController.php(73): view('admin/adminhome', [...])
 6 SYSTEMPATH\CodeIgniter.php(919): App\Controllers\AdminController->adminhomepage()
 7 SYSTEMPATH\CodeIgniter.php(494): CodeIgniter\CodeIgniter->runController(Object(App\Controllers\AdminController))
 8 SYSTEMPATH\CodeIgniter.php(353): CodeIgniter\CodeIgniter->handleRequest(null, Object(Config\Cache), false)
 9 FCPATH\index.php(79): CodeIgniter\CodeIgniter->run()
CRITICAL - 2023-12-03 07:34:10 --> Undefined variable $products
in APPPATH\Views\admin\adminhome.php on line 38.
 1 APPPATH\Views\admin\adminhome.php(38): CodeIgniter\Debug\Exceptions->errorHandler(2, 'Undefined variable $products', 'C:\\xampp\\htdocs\\projectfyp\\app\\Views\\admin\\adminhome.php', 38)
 2 SYSTEMPATH\View\View.php(226): include('C:\\xampp\\htdocs\\projectfyp\\app\\Views\\admin\\adminhome.php')
 3 SYSTEMPATH\View\View.php(229): CodeIgniter\View\View->CodeIgniter\View\{closure}()
 4 SYSTEMPATH\Common.php(1188): CodeIgniter\View\View->render('admin/adminhome', [], true)
 5 APPPATH\Controllers\AdminController.php(73): view('admin/adminhome', [...])
 6 SYSTEMPATH\CodeIgniter.php(919): App\Controllers\AdminController->adminhomepage()
 7 SYSTEMPATH\CodeIgniter.php(494): CodeIgniter\CodeIgniter->runController(Object(App\Controllers\AdminController))
 8 SYSTEMPATH\CodeIgniter.php(353): CodeIgniter\CodeIgniter->handleRequest(null, Object(Config\Cache), false)
 9 FCPATH\index.php(79): CodeIgniter\CodeIgniter->run()
CRITICAL - 2023-12-03 07:34:11 --> Undefined variable $products
in APPPATH\Views\admin\adminhome.php on line 38.
 1 APPPATH\Views\admin\adminhome.php(38): CodeIgniter\Debug\Exceptions->errorHandler(2, 'Undefined variable $products', 'C:\\xampp\\htdocs\\projectfyp\\app\\Views\\admin\\adminhome.php', 38)
 2 SYSTEMPATH\View\View.php(226): include('C:\\xampp\\htdocs\\projectfyp\\app\\Views\\admin\\adminhome.php')
 3 SYSTEMPATH\View\View.php(229): CodeIgniter\View\View->CodeIgniter\View\{closure}()
 4 SYSTEMPATH\Common.php(1188): CodeIgniter\View\View->render('admin/adminhome', [], true)
 5 APPPATH\Controllers\AdminController.php(73): view('admin/adminhome', [...])
 6 SYSTEMPATH\CodeIgniter.php(919): App\Controllers\AdminController->adminhomepage()
 7 SYSTEMPATH\CodeIgniter.php(494): CodeIgniter\CodeIgniter->runController(Object(App\Controllers\AdminController))
 8 SYSTEMPATH\CodeIgniter.php(353): CodeIgniter\CodeIgniter->handleRequest(null, Object(Config\Cache), false)
 9 FCPATH\index.php(79): CodeIgniter\CodeIgniter->run()
CRITICAL - 2023-12-03 07:34:11 --> Undefined variable $products
in APPPATH\Views\admin\adminhome.php on line 38.
 1 APPPATH\Views\admin\adminhome.php(38): CodeIgniter\Debug\Exceptions->errorHandler(2, 'Undefined variable $products', 'C:\\xampp\\htdocs\\projectfyp\\app\\Views\\admin\\adminhome.php', 38)
 2 SYSTEMPATH\View\View.php(226): include('C:\\xampp\\htdocs\\projectfyp\\app\\Views\\admin\\adminhome.php')
 3 SYSTEMPATH\View\View.php(229): CodeIgniter\View\View->CodeIgniter\View\{closure}()
 4 SYSTEMPATH\Common.php(1188): CodeIgniter\View\View->render('admin/adminhome', [], true)
 5 APPPATH\Controllers\AdminController.php(73): view('admin/adminhome', [...])
 6 SYSTEMPATH\CodeIgniter.php(919): App\Controllers\AdminController->adminhomepage()
 7 SYSTEMPATH\CodeIgniter.php(494): CodeIgniter\CodeIgniter->runController(Object(App\Controllers\AdminController))
 8 SYSTEMPATH\CodeIgniter.php(353): CodeIgniter\CodeIgniter->handleRequest(null, Object(Config\Cache), false)
 9 FCPATH\index.php(79): CodeIgniter\CodeIgniter->run()
CRITICAL - 2023-12-03 07:34:11 --> Undefined variable $products
in APPPATH\Views\admin\adminhome.php on line 38.
 1 APPPATH\Views\admin\adminhome.php(38): CodeIgniter\Debug\Exceptions->errorHandler(2, 'Undefined variable $products', 'C:\\xampp\\htdocs\\projectfyp\\app\\Views\\admin\\adminhome.php', 38)
 2 SYSTEMPATH\View\View.php(226): include('C:\\xampp\\htdocs\\projectfyp\\app\\Views\\admin\\adminhome.php')
 3 SYSTEMPATH\View\View.php(229): CodeIgniter\View\View->CodeIgniter\View\{closure}()
 4 SYSTEMPATH\Common.php(1188): CodeIgniter\View\View->render('admin/adminhome', [], true)
 5 APPPATH\Controllers\AdminController.php(73): view('admin/adminhome', [...])
 6 SYSTEMPATH\CodeIgniter.php(919): App\Controllers\AdminController->adminhomepage()
 7 SYSTEMPATH\CodeIgniter.php(494): CodeIgniter\CodeIgniter->runController(Object(App\Controllers\AdminController))
 8 SYSTEMPATH\CodeIgniter.php(353): CodeIgniter\CodeIgniter->handleRequest(null, Object(Config\Cache), false)
 9 FCPATH\index.php(79): CodeIgniter\CodeIgniter->run()
CRITICAL - 2023-12-03 08:05:43 --> Cannot call constructor
in APPPATH\Controllers\AdminController.php on line 16.
 1 SYSTEMPATH\CodeIgniter.php(891): App\Controllers\AdminController->__construct()
 2 SYSTEMPATH\CodeIgniter.php(485): CodeIgniter\CodeIgniter->createController()
 3 SYSTEMPATH\CodeIgniter.php(353): CodeIgniter\CodeIgniter->handleRequest(null, Object(Config\Cache), false)
 4 FCPATH\index.php(79): CodeIgniter\CodeIgniter->run()
CRITICAL - 2023-12-03 08:05:43 --> Cannot call constructor
in APPPATH\Controllers\AdminController.php on line 16.
 1 SYSTEMPATH\CodeIgniter.php(891): App\Controllers\AdminController->__construct()
 2 SYSTEMPATH\CodeIgniter.php(485): CodeIgniter\CodeIgniter->createController()
 3 SYSTEMPATH\CodeIgniter.php(353): CodeIgniter\CodeIgniter->handleRequest(null, Object(Config\Cache), false)
 4 FCPATH\index.php(79): CodeIgniter\CodeIgniter->run()
