CRITICAL - 2023-10-18 15:06:15 --> "AuthGuard" filter must have a matching alias defined.
in SYSTEMPATH\Filters\Filters.php on line 350.
 1 SYSTEMPATH\Filters\Filters.php(350): CodeIgniter\Filters\Exceptions\FilterException::forNoAlias('AuthGuard')
 2 SYSTEMPATH\CodeIgniter.php(459): CodeIgniter\Filters\Filters->enableFilter('AuthGuard', 'before')
 3 SYSTEMPATH\CodeIgniter.php(353): CodeIgniter\CodeIgniter->handleRequest(null, Object(Config\Cache), false)
 4 FCPATH\index.php(79): CodeIgniter\CodeIgniter->run()
CRITICAL - 2023-10-18 15:25:05 --> Undefined variable $data
in APPPATH\Controllers\IndexController.php on line 45.
 1 APPPATH\Controllers\IndexController.php(45): CodeIgniter\Debug\Exceptions->errorHandler(2, 'Undefined variable $data', 'C:\\xampp\\htdocs\\projectfyp\\app\\Controllers\\IndexController.php', 45)
 2 SYSTEMPATH\CodeIgniter.php(919): App\Controllers\IndexController->loginProcess()
 3 SYSTEMPATH\CodeIgniter.php(494): CodeIgniter\CodeIgniter->runController(Object(App\Controllers\IndexController))
 4 SYSTEMPATH\CodeIgniter.php(353): CodeIgniter\CodeIgniter->handleRequest(null, Object(Config\Cache), false)
 5 FCPATH\index.php(79): CodeIgniter\CodeIgniter->run()
CRITICAL - 2023-10-18 15:36:08 --> "userAuth" filter must have a matching alias defined.
in SYSTEMPATH\Filters\Filters.php on line 350.
 1 SYSTEMPATH\Filters\Filters.php(350): CodeIgniter\Filters\Exceptions\FilterException::forNoAlias('userAuth')
 2 SYSTEMPATH\CodeIgniter.php(459): CodeIgniter\Filters\Filters->enableFilter('userAuth', 'before')
 3 SYSTEMPATH\CodeIgniter.php(353): CodeIgniter\CodeIgniter->handleRequest(null, Object(Config\Cache), false)
 4 FCPATH\index.php(79): CodeIgniter\CodeIgniter->run()
CRITICAL - 2023-10-18 15:37:10 --> Declaration of App\Filters\UserAuth::before(CodeIgniter\HTTP\RequestInterface $request) must be compatible with CodeIgniter\Filters\FilterInterface::before(CodeIgniter\HTTP\RequestInterface $request, $arguments = null)
in APPPATH\Filters\UserAuth.php on line 11.
 1 [internal function]: CodeIgniter\Debug\Exceptions->shutdownHandler()
CRITICAL - 2023-10-18 15:39:22 --> Declaration of App\Filters\UserAuth::after(CodeIgniter\HTTP\RequestInterface $request, CodeIgniter\HTTP\ResponseInterface $response) must be compatible with CodeIgniter\Filters\FilterInterface::after(CodeIgniter\HTTP\RequestInterface $request, CodeIgniter\HTTP\ResponseInterface $response, $arguments = null)
in APPPATH\Filters\UserAuth.php on line 23.
 1 [internal function]: CodeIgniter\Debug\Exceptions->shutdownHandler()
