CRITICAL - 2023-11-17 04:09:49 --> Undefined variable $computer
in APPPATH\Views\admin\computer-list.php on line 220.
 1 APPPATH\Views\admin\computer-list.php(220): CodeIgniter\Debug\Exceptions->errorHandler(2, 'Undefined variable $computer', 'C:\\xampp\\htdocs\\projectfyp\\app\\Views\\admin\\computer-list.php', 220)
 2 SYSTEMPATH\View\View.php(226): include('C:\\xampp\\htdocs\\projectfyp\\app\\Views\\admin\\computer-list.php')
 3 SYSTEMPATH\View\View.php(229): CodeIgniter\View\View->CodeIgniter\View\{closure}()
 4 SYSTEMPATH\Common.php(1188): CodeIgniter\View\View->render('admin/computer-list', [], true)
 5 APPPATH\Controllers\AdminController.php(168): view('admin/computer-list', [...])
 6 SYSTEMPATH\CodeIgniter.php(919): App\Controllers\AdminController->computerlist()
 7 SYSTEMPATH\CodeIgniter.php(494): CodeIgniter\CodeIgniter->runController(Object(App\Controllers\AdminController))
 8 SYSTEMPATH\CodeIgniter.php(353): CodeIgniter\CodeIgniter->handleRequest(null, Object(Config\Cache), false)
 9 FCPATH\index.php(79): CodeIgniter\CodeIgniter->run()
CRITICAL - 2023-11-17 04:41:45 --> Undefined variable $computer
in APPPATH\Views\admin\computer-list.php on line 227.
 1 APPPATH\Views\admin\computer-list.php(227): CodeIgniter\Debug\Exceptions->errorHandler(2, 'Undefined variable $computer', 'C:\\xampp\\htdocs\\projectfyp\\app\\Views\\admin\\computer-list.php', 227)
 2 SYSTEMPATH\View\View.php(226): include('C:\\xampp\\htdocs\\projectfyp\\app\\Views\\admin\\computer-list.php')
 3 SYSTEMPATH\View\View.php(229): CodeIgniter\View\View->CodeIgniter\View\{closure}()
 4 SYSTEMPATH\Common.php(1188): CodeIgniter\View\View->render('admin/computer-list', [], true)
 5 APPPATH\Controllers\AdminController.php(178): view('admin/computer-list', [...])
 6 SYSTEMPATH\CodeIgniter.php(919): App\Controllers\AdminController->computerlist()
 7 SYSTEMPATH\CodeIgniter.php(494): CodeIgniter\CodeIgniter->runController(Object(App\Controllers\AdminController))
 8 SYSTEMPATH\CodeIgniter.php(353): CodeIgniter\CodeIgniter->handleRequest(null, Object(Config\Cache), false)
 9 FCPATH\index.php(79): CodeIgniter\CodeIgniter->run()
CRITICAL - 2023-11-17 04:55:03 --> Undefined variable $model
in APPPATH\Controllers\AdminController.php on line 95.
 1 APPPATH\Controllers\AdminController.php(95): CodeIgniter\Debug\Exceptions->errorHandler(2, 'Undefined variable $model', 'C:\\xampp\\htdocs\\projectfyp\\app\\Controllers\\AdminController.php', 95)
 2 SYSTEMPATH\CodeIgniter.php(919): App\Controllers\AdminController->searchuser()
 3 SYSTEMPATH\CodeIgniter.php(494): CodeIgniter\CodeIgniter->runController(Object(App\Controllers\AdminController))
 4 SYSTEMPATH\CodeIgniter.php(353): CodeIgniter\CodeIgniter->handleRequest(null, Object(Config\Cache), false)
 5 FCPATH\index.php(79): CodeIgniter\CodeIgniter->run()
CRITICAL - 2023-11-17 05:19:42 --> Undefined variable $user
in APPPATH\Views\admin\search-user.php on line 194.
 1 APPPATH\Views\admin\search-user.php(194): CodeIgniter\Debug\Exceptions->errorHandler(2, 'Undefined variable $user', 'C:\\xampp\\htdocs\\projectfyp\\app\\Views\\admin\\search-user.php', 194)
 2 SYSTEMPATH\View\View.php(226): include('C:\\xampp\\htdocs\\projectfyp\\app\\Views\\admin\\search-user.php')
 3 SYSTEMPATH\View\View.php(229): CodeIgniter\View\View->CodeIgniter\View\{closure}()
 4 SYSTEMPATH\Common.php(1188): CodeIgniter\View\View->render('admin/search-user', [], true)
 5 APPPATH\Controllers\AdminController.php(97): view('admin/search-user', [...])
 6 SYSTEMPATH\CodeIgniter.php(919): App\Controllers\AdminController->searchuser()
 7 SYSTEMPATH\CodeIgniter.php(494): CodeIgniter\CodeIgniter->runController(Object(App\Controllers\AdminController))
 8 SYSTEMPATH\CodeIgniter.php(353): CodeIgniter\CodeIgniter->handleRequest(null, Object(Config\Cache), false)
 9 FCPATH\index.php(79): CodeIgniter\CodeIgniter->run()
CRITICAL - 2023-11-17 05:21:01 --> Undefined variable $user
in APPPATH\Views\admin\search-user.php on line 194.
 1 APPPATH\Views\admin\search-user.php(194): CodeIgniter\Debug\Exceptions->errorHandler(2, 'Undefined variable $user', 'C:\\xampp\\htdocs\\projectfyp\\app\\Views\\admin\\search-user.php', 194)
 2 SYSTEMPATH\View\View.php(226): include('C:\\xampp\\htdocs\\projectfyp\\app\\Views\\admin\\search-user.php')
 3 SYSTEMPATH\View\View.php(229): CodeIgniter\View\View->CodeIgniter\View\{closure}()
 4 SYSTEMPATH\Common.php(1188): CodeIgniter\View\View->render('admin/search-user', [], true)
 5 APPPATH\Controllers\AdminController.php(97): view('admin/search-user', [...])
 6 SYSTEMPATH\CodeIgniter.php(919): App\Controllers\AdminController->searchuser()
 7 SYSTEMPATH\CodeIgniter.php(494): CodeIgniter\CodeIgniter->runController(Object(App\Controllers\AdminController))
 8 SYSTEMPATH\CodeIgniter.php(353): CodeIgniter\CodeIgniter->handleRequest(null, Object(Config\Cache), false)
 9 FCPATH\index.php(79): CodeIgniter\CodeIgniter->run()
CRITICAL - 2023-11-17 05:21:02 --> Undefined variable $user
in APPPATH\Views\admin\search-user.php on line 194.
 1 APPPATH\Views\admin\search-user.php(194): CodeIgniter\Debug\Exceptions->errorHandler(2, 'Undefined variable $user', 'C:\\xampp\\htdocs\\projectfyp\\app\\Views\\admin\\search-user.php', 194)
 2 SYSTEMPATH\View\View.php(226): include('C:\\xampp\\htdocs\\projectfyp\\app\\Views\\admin\\search-user.php')
 3 SYSTEMPATH\View\View.php(229): CodeIgniter\View\View->CodeIgniter\View\{closure}()
 4 SYSTEMPATH\Common.php(1188): CodeIgniter\View\View->render('admin/search-user', [], true)
 5 APPPATH\Controllers\AdminController.php(97): view('admin/search-user', [...])
 6 SYSTEMPATH\CodeIgniter.php(919): App\Controllers\AdminController->searchuser()
 7 SYSTEMPATH\CodeIgniter.php(494): CodeIgniter\CodeIgniter->runController(Object(App\Controllers\AdminController))
 8 SYSTEMPATH\CodeIgniter.php(353): CodeIgniter\CodeIgniter->handleRequest(null, Object(Config\Cache), false)
 9 FCPATH\index.php(79): CodeIgniter\CodeIgniter->run()
CRITICAL - 2023-11-17 05:21:03 --> Undefined variable $user
in APPPATH\Views\admin\search-user.php on line 194.
 1 APPPATH\Views\admin\search-user.php(194): CodeIgniter\Debug\Exceptions->errorHandler(2, 'Undefined variable $user', 'C:\\xampp\\htdocs\\projectfyp\\app\\Views\\admin\\search-user.php', 194)
 2 SYSTEMPATH\View\View.php(226): include('C:\\xampp\\htdocs\\projectfyp\\app\\Views\\admin\\search-user.php')
 3 SYSTEMPATH\View\View.php(229): CodeIgniter\View\View->CodeIgniter\View\{closure}()
 4 SYSTEMPATH\Common.php(1188): CodeIgniter\View\View->render('admin/search-user', [], true)
 5 APPPATH\Controllers\AdminController.php(97): view('admin/search-user', [...])
 6 SYSTEMPATH\CodeIgniter.php(919): App\Controllers\AdminController->searchuser()
 7 SYSTEMPATH\CodeIgniter.php(494): CodeIgniter\CodeIgniter->runController(Object(App\Controllers\AdminController))
 8 SYSTEMPATH\CodeIgniter.php(353): CodeIgniter\CodeIgniter->handleRequest(null, Object(Config\Cache), false)
 9 FCPATH\index.php(79): CodeIgniter\CodeIgniter->run()
CRITICAL - 2023-11-17 05:21:03 --> Undefined variable $user
in APPPATH\Views\admin\search-user.php on line 194.
 1 APPPATH\Views\admin\search-user.php(194): CodeIgniter\Debug\Exceptions->errorHandler(2, 'Undefined variable $user', 'C:\\xampp\\htdocs\\projectfyp\\app\\Views\\admin\\search-user.php', 194)
 2 SYSTEMPATH\View\View.php(226): include('C:\\xampp\\htdocs\\projectfyp\\app\\Views\\admin\\search-user.php')
 3 SYSTEMPATH\View\View.php(229): CodeIgniter\View\View->CodeIgniter\View\{closure}()
 4 SYSTEMPATH\Common.php(1188): CodeIgniter\View\View->render('admin/search-user', [], true)
 5 APPPATH\Controllers\AdminController.php(97): view('admin/search-user', [...])
 6 SYSTEMPATH\CodeIgniter.php(919): App\Controllers\AdminController->searchuser()
 7 SYSTEMPATH\CodeIgniter.php(494): CodeIgniter\CodeIgniter->runController(Object(App\Controllers\AdminController))
 8 SYSTEMPATH\CodeIgniter.php(353): CodeIgniter\CodeIgniter->handleRequest(null, Object(Config\Cache), false)
 9 FCPATH\index.php(79): CodeIgniter\CodeIgniter->run()
CRITICAL - 2023-11-17 05:21:03 --> Undefined variable $user
in APPPATH\Views\admin\search-user.php on line 194.
 1 APPPATH\Views\admin\search-user.php(194): CodeIgniter\Debug\Exceptions->errorHandler(2, 'Undefined variable $user', 'C:\\xampp\\htdocs\\projectfyp\\app\\Views\\admin\\search-user.php', 194)
 2 SYSTEMPATH\View\View.php(226): include('C:\\xampp\\htdocs\\projectfyp\\app\\Views\\admin\\search-user.php')
 3 SYSTEMPATH\View\View.php(229): CodeIgniter\View\View->CodeIgniter\View\{closure}()
 4 SYSTEMPATH\Common.php(1188): CodeIgniter\View\View->render('admin/search-user', [], true)
 5 APPPATH\Controllers\AdminController.php(97): view('admin/search-user', [...])
 6 SYSTEMPATH\CodeIgniter.php(919): App\Controllers\AdminController->searchuser()
 7 SYSTEMPATH\CodeIgniter.php(494): CodeIgniter\CodeIgniter->runController(Object(App\Controllers\AdminController))
 8 SYSTEMPATH\CodeIgniter.php(353): CodeIgniter\CodeIgniter->handleRequest(null, Object(Config\Cache), false)
 9 FCPATH\index.php(79): CodeIgniter\CodeIgniter->run()
CRITICAL - 2023-11-17 05:21:05 --> Undefined variable $user
in APPPATH\Views\admin\search-user.php on line 223.
 1 APPPATH\Views\admin\search-user.php(223): CodeIgniter\Debug\Exceptions->errorHandler(2, 'Undefined variable $user', 'C:\\xampp\\htdocs\\projectfyp\\app\\Views\\admin\\search-user.php', 223)
 2 SYSTEMPATH\View\View.php(226): include('C:\\xampp\\htdocs\\projectfyp\\app\\Views\\admin\\search-user.php')
 3 SYSTEMPATH\View\View.php(229): CodeIgniter\View\View->CodeIgniter\View\{closure}()
 4 SYSTEMPATH\Common.php(1188): CodeIgniter\View\View->render('admin/search-user', [], true)
 5 APPPATH\Controllers\AdminController.php(97): view('admin/search-user', [...])
 6 SYSTEMPATH\CodeIgniter.php(919): App\Controllers\AdminController->searchuser()
 7 SYSTEMPATH\CodeIgniter.php(494): CodeIgniter\CodeIgniter->runController(Object(App\Controllers\AdminController))
 8 SYSTEMPATH\CodeIgniter.php(353): CodeIgniter\CodeIgniter->handleRequest(null, Object(Config\Cache), false)
 9 FCPATH\index.php(79): CodeIgniter\CodeIgniter->run()
CRITICAL - 2023-11-17 05:21:08 --> Undefined variable $user
in APPPATH\Views\admin\search-user.php on line 223.
 1 APPPATH\Views\admin\search-user.php(223): CodeIgniter\Debug\Exceptions->errorHandler(2, 'Undefined variable $user', 'C:\\xampp\\htdocs\\projectfyp\\app\\Views\\admin\\search-user.php', 223)
 2 SYSTEMPATH\View\View.php(226): include('C:\\xampp\\htdocs\\projectfyp\\app\\Views\\admin\\search-user.php')
 3 SYSTEMPATH\View\View.php(229): CodeIgniter\View\View->CodeIgniter\View\{closure}()
 4 SYSTEMPATH\Common.php(1188): CodeIgniter\View\View->render('admin/search-user', [], true)
 5 APPPATH\Controllers\AdminController.php(97): view('admin/search-user', [...])
 6 SYSTEMPATH\CodeIgniter.php(919): App\Controllers\AdminController->searchuser()
 7 SYSTEMPATH\CodeIgniter.php(494): CodeIgniter\CodeIgniter->runController(Object(App\Controllers\AdminController))
 8 SYSTEMPATH\CodeIgniter.php(353): CodeIgniter\CodeIgniter->handleRequest(null, Object(Config\Cache), false)
 9 FCPATH\index.php(79): CodeIgniter\CodeIgniter->run()
CRITICAL - 2023-11-17 05:21:08 --> Undefined variable $user
in APPPATH\Views\admin\search-user.php on line 223.
 1 APPPATH\Views\admin\search-user.php(223): CodeIgniter\Debug\Exceptions->errorHandler(2, 'Undefined variable $user', 'C:\\xampp\\htdocs\\projectfyp\\app\\Views\\admin\\search-user.php', 223)
 2 SYSTEMPATH\View\View.php(226): include('C:\\xampp\\htdocs\\projectfyp\\app\\Views\\admin\\search-user.php')
 3 SYSTEMPATH\View\View.php(229): CodeIgniter\View\View->CodeIgniter\View\{closure}()
 4 SYSTEMPATH\Common.php(1188): CodeIgniter\View\View->render('admin/search-user', [], true)
 5 APPPATH\Controllers\AdminController.php(97): view('admin/search-user', [...])
 6 SYSTEMPATH\CodeIgniter.php(919): App\Controllers\AdminController->searchuser()
 7 SYSTEMPATH\CodeIgniter.php(494): CodeIgniter\CodeIgniter->runController(Object(App\Controllers\AdminController))
 8 SYSTEMPATH\CodeIgniter.php(353): CodeIgniter\CodeIgniter->handleRequest(null, Object(Config\Cache), false)
 9 FCPATH\index.php(79): CodeIgniter\CodeIgniter->run()
CRITICAL - 2023-11-17 05:22:01 --> syntax error, unexpected end of file
in APPPATH\Views\admin\search-user.php on line 259.
 1 SYSTEMPATH\View\View.php(229): CodeIgniter\View\View->CodeIgniter\View\{closure}()
 2 SYSTEMPATH\Common.php(1188): CodeIgniter\View\View->render('admin/search-user', [], true)
 3 APPPATH\Controllers\AdminController.php(97): view('admin/search-user', [...])
 4 SYSTEMPATH\CodeIgniter.php(919): App\Controllers\AdminController->searchuser()
 5 SYSTEMPATH\CodeIgniter.php(494): CodeIgniter\CodeIgniter->runController(Object(App\Controllers\AdminController))
 6 SYSTEMPATH\CodeIgniter.php(353): CodeIgniter\CodeIgniter->handleRequest(null, Object(Config\Cache), false)
 7 FCPATH\index.php(79): CodeIgniter\CodeIgniter->run()
CRITICAL - 2023-11-17 05:22:03 --> syntax error, unexpected end of file
in APPPATH\Views\admin\search-user.php on line 259.
 1 SYSTEMPATH\View\View.php(229): CodeIgniter\View\View->CodeIgniter\View\{closure}()
 2 SYSTEMPATH\Common.php(1188): CodeIgniter\View\View->render('admin/search-user', [], true)
 3 APPPATH\Controllers\AdminController.php(97): view('admin/search-user', [...])
 4 SYSTEMPATH\CodeIgniter.php(919): App\Controllers\AdminController->searchuser()
 5 SYSTEMPATH\CodeIgniter.php(494): CodeIgniter\CodeIgniter->runController(Object(App\Controllers\AdminController))
 6 SYSTEMPATH\CodeIgniter.php(353): CodeIgniter\CodeIgniter->handleRequest(null, Object(Config\Cache), false)
 7 FCPATH\index.php(79): CodeIgniter\CodeIgniter->run()
CRITICAL - 2023-11-17 05:22:03 --> syntax error, unexpected end of file
in APPPATH\Views\admin\search-user.php on line 259.
 1 SYSTEMPATH\View\View.php(229): CodeIgniter\View\View->CodeIgniter\View\{closure}()
 2 SYSTEMPATH\Common.php(1188): CodeIgniter\View\View->render('admin/search-user', [], true)
 3 APPPATH\Controllers\AdminController.php(97): view('admin/search-user', [...])
 4 SYSTEMPATH\CodeIgniter.php(919): App\Controllers\AdminController->searchuser()
 5 SYSTEMPATH\CodeIgniter.php(494): CodeIgniter\CodeIgniter->runController(Object(App\Controllers\AdminController))
 6 SYSTEMPATH\CodeIgniter.php(353): CodeIgniter\CodeIgniter->handleRequest(null, Object(Config\Cache), false)
 7 FCPATH\index.php(79): CodeIgniter\CodeIgniter->run()
CRITICAL - 2023-11-17 05:22:33 --> Undefined variable $users
in APPPATH\Views\admin\search-user.php on line 158.
 1 APPPATH\Views\admin\search-user.php(158): CodeIgniter\Debug\Exceptions->errorHandler(2, 'Undefined variable $users', 'C:\\xampp\\htdocs\\projectfyp\\app\\Views\\admin\\search-user.php', 158)
 2 SYSTEMPATH\View\View.php(226): include('C:\\xampp\\htdocs\\projectfyp\\app\\Views\\admin\\search-user.php')
 3 SYSTEMPATH\View\View.php(229): CodeIgniter\View\View->CodeIgniter\View\{closure}()
 4 SYSTEMPATH\Common.php(1188): CodeIgniter\View\View->render('admin/search-user', [], true)
 5 APPPATH\Controllers\AdminController.php(97): view('admin/search-user', [...])
 6 SYSTEMPATH\CodeIgniter.php(919): App\Controllers\AdminController->searchuser()
 7 SYSTEMPATH\CodeIgniter.php(494): CodeIgniter\CodeIgniter->runController(Object(App\Controllers\AdminController))
 8 SYSTEMPATH\CodeIgniter.php(353): CodeIgniter\CodeIgniter->handleRequest(null, Object(Config\Cache), false)
 9 FCPATH\index.php(79): CodeIgniter\CodeIgniter->run()
CRITICAL - 2023-11-17 05:22:34 --> Undefined variable $users
in APPPATH\Views\admin\search-user.php on line 158.
 1 APPPATH\Views\admin\search-user.php(158): CodeIgniter\Debug\Exceptions->errorHandler(2, 'Undefined variable $users', 'C:\\xampp\\htdocs\\projectfyp\\app\\Views\\admin\\search-user.php', 158)
 2 SYSTEMPATH\View\View.php(226): include('C:\\xampp\\htdocs\\projectfyp\\app\\Views\\admin\\search-user.php')
 3 SYSTEMPATH\View\View.php(229): CodeIgniter\View\View->CodeIgniter\View\{closure}()
 4 SYSTEMPATH\Common.php(1188): CodeIgniter\View\View->render('admin/search-user', [], true)
 5 APPPATH\Controllers\AdminController.php(97): view('admin/search-user', [...])
 6 SYSTEMPATH\CodeIgniter.php(919): App\Controllers\AdminController->searchuser()
 7 SYSTEMPATH\CodeIgniter.php(494): CodeIgniter\CodeIgniter->runController(Object(App\Controllers\AdminController))
 8 SYSTEMPATH\CodeIgniter.php(353): CodeIgniter\CodeIgniter->handleRequest(null, Object(Config\Cache), false)
 9 FCPATH\index.php(79): CodeIgniter\CodeIgniter->run()
CRITICAL - 2023-11-17 05:22:34 --> Undefined variable $users
in APPPATH\Views\admin\search-user.php on line 158.
 1 APPPATH\Views\admin\search-user.php(158): CodeIgniter\Debug\Exceptions->errorHandler(2, 'Undefined variable $users', 'C:\\xampp\\htdocs\\projectfyp\\app\\Views\\admin\\search-user.php', 158)
 2 SYSTEMPATH\View\View.php(226): include('C:\\xampp\\htdocs\\projectfyp\\app\\Views\\admin\\search-user.php')
 3 SYSTEMPATH\View\View.php(229): CodeIgniter\View\View->CodeIgniter\View\{closure}()
 4 SYSTEMPATH\Common.php(1188): CodeIgniter\View\View->render('admin/search-user', [], true)
 5 APPPATH\Controllers\AdminController.php(97): view('admin/search-user', [...])
 6 SYSTEMPATH\CodeIgniter.php(919): App\Controllers\AdminController->searchuser()
 7 SYSTEMPATH\CodeIgniter.php(494): CodeIgniter\CodeIgniter->runController(Object(App\Controllers\AdminController))
 8 SYSTEMPATH\CodeIgniter.php(353): CodeIgniter\CodeIgniter->handleRequest(null, Object(Config\Cache), false)
 9 FCPATH\index.php(79): CodeIgniter\CodeIgniter->run()
CRITICAL - 2023-11-17 05:22:34 --> Undefined variable $users
in APPPATH\Views\admin\search-user.php on line 158.
 1 APPPATH\Views\admin\search-user.php(158): CodeIgniter\Debug\Exceptions->errorHandler(2, 'Undefined variable $users', 'C:\\xampp\\htdocs\\projectfyp\\app\\Views\\admin\\search-user.php', 158)
 2 SYSTEMPATH\View\View.php(226): include('C:\\xampp\\htdocs\\projectfyp\\app\\Views\\admin\\search-user.php')
 3 SYSTEMPATH\View\View.php(229): CodeIgniter\View\View->CodeIgniter\View\{closure}()
 4 SYSTEMPATH\Common.php(1188): CodeIgniter\View\View->render('admin/search-user', [], true)
 5 APPPATH\Controllers\AdminController.php(97): view('admin/search-user', [...])
 6 SYSTEMPATH\CodeIgniter.php(919): App\Controllers\AdminController->searchuser()
 7 SYSTEMPATH\CodeIgniter.php(494): CodeIgniter\CodeIgniter->runController(Object(App\Controllers\AdminController))
 8 SYSTEMPATH\CodeIgniter.php(353): CodeIgniter\CodeIgniter->handleRequest(null, Object(Config\Cache), false)
 9 FCPATH\index.php(79): CodeIgniter\CodeIgniter->run()
CRITICAL - 2023-11-17 05:22:34 --> Undefined variable $users
in APPPATH\Views\admin\search-user.php on line 158.
 1 APPPATH\Views\admin\search-user.php(158): CodeIgniter\Debug\Exceptions->errorHandler(2, 'Undefined variable $users', 'C:\\xampp\\htdocs\\projectfyp\\app\\Views\\admin\\search-user.php', 158)
 2 SYSTEMPATH\View\View.php(226): include('C:\\xampp\\htdocs\\projectfyp\\app\\Views\\admin\\search-user.php')
 3 SYSTEMPATH\View\View.php(229): CodeIgniter\View\View->CodeIgniter\View\{closure}()
 4 SYSTEMPATH\Common.php(1188): CodeIgniter\View\View->render('admin/search-user', [], true)
 5 APPPATH\Controllers\AdminController.php(97): view('admin/search-user', [...])
 6 SYSTEMPATH\CodeIgniter.php(919): App\Controllers\AdminController->searchuser()
 7 SYSTEMPATH\CodeIgniter.php(494): CodeIgniter\CodeIgniter->runController(Object(App\Controllers\AdminController))
 8 SYSTEMPATH\CodeIgniter.php(353): CodeIgniter\CodeIgniter->handleRequest(null, Object(Config\Cache), false)
 9 FCPATH\index.php(79): CodeIgniter\CodeIgniter->run()
CRITICAL - 2023-11-17 05:22:35 --> Undefined variable $users
in APPPATH\Views\admin\search-user.php on line 158.
 1 APPPATH\Views\admin\search-user.php(158): CodeIgniter\Debug\Exceptions->errorHandler(2, 'Undefined variable $users', 'C:\\xampp\\htdocs\\projectfyp\\app\\Views\\admin\\search-user.php', 158)
 2 SYSTEMPATH\View\View.php(226): include('C:\\xampp\\htdocs\\projectfyp\\app\\Views\\admin\\search-user.php')
 3 SYSTEMPATH\View\View.php(229): CodeIgniter\View\View->CodeIgniter\View\{closure}()
 4 SYSTEMPATH\Common.php(1188): CodeIgniter\View\View->render('admin/search-user', [], true)
 5 APPPATH\Controllers\AdminController.php(97): view('admin/search-user', [...])
 6 SYSTEMPATH\CodeIgniter.php(919): App\Controllers\AdminController->searchuser()
 7 SYSTEMPATH\CodeIgniter.php(494): CodeIgniter\CodeIgniter->runController(Object(App\Controllers\AdminController))
 8 SYSTEMPATH\CodeIgniter.php(353): CodeIgniter\CodeIgniter->handleRequest(null, Object(Config\Cache), false)
 9 FCPATH\index.php(79): CodeIgniter\CodeIgniter->run()
CRITICAL - 2023-11-17 06:11:43 --> Undefined variable $users
in APPPATH\Views\admin\search-user.php on line 158.
 1 APPPATH\Views\admin\search-user.php(158): CodeIgniter\Debug\Exceptions->errorHandler(2, 'Undefined variable $users', 'C:\\xampp\\htdocs\\projectfyp\\app\\Views\\admin\\search-user.php', 158)
 2 SYSTEMPATH\View\View.php(226): include('C:\\xampp\\htdocs\\projectfyp\\app\\Views\\admin\\search-user.php')
 3 SYSTEMPATH\View\View.php(229): CodeIgniter\View\View->CodeIgniter\View\{closure}()
 4 SYSTEMPATH\Common.php(1188): CodeIgniter\View\View->render('admin/search-user', [], true)
 5 APPPATH\Controllers\AdminController.php(97): view('admin/search-user', [...])
 6 SYSTEMPATH\CodeIgniter.php(919): App\Controllers\AdminController->searchuser()
 7 SYSTEMPATH\CodeIgniter.php(494): CodeIgniter\CodeIgniter->runController(Object(App\Controllers\AdminController))
 8 SYSTEMPATH\CodeIgniter.php(353): CodeIgniter\CodeIgniter->handleRequest(null, Object(Config\Cache), false)
 9 FCPATH\index.php(79): CodeIgniter\CodeIgniter->run()
CRITICAL - 2023-11-17 06:15:04 --> Undefined variable $users
in APPPATH\Views\admin\search-user.php on line 158.
 1 APPPATH\Views\admin\search-user.php(158): CodeIgniter\Debug\Exceptions->errorHandler(2, 'Undefined variable $users', 'C:\\xampp\\htdocs\\projectfyp\\app\\Views\\admin\\search-user.php', 158)
 2 SYSTEMPATH\View\View.php(226): include('C:\\xampp\\htdocs\\projectfyp\\app\\Views\\admin\\search-user.php')
 3 SYSTEMPATH\View\View.php(229): CodeIgniter\View\View->CodeIgniter\View\{closure}()
 4 SYSTEMPATH\Common.php(1188): CodeIgniter\View\View->render('admin/search-user', [], true)
 5 APPPATH\Controllers\AdminController.php(97): view('admin/search-user', [...])
 6 SYSTEMPATH\CodeIgniter.php(919): App\Controllers\AdminController->searchuser()
 7 SYSTEMPATH\CodeIgniter.php(494): CodeIgniter\CodeIgniter->runController(Object(App\Controllers\AdminController))
 8 SYSTEMPATH\CodeIgniter.php(353): CodeIgniter\CodeIgniter->handleRequest(null, Object(Config\Cache), false)
 9 FCPATH\index.php(79): CodeIgniter\CodeIgniter->run()
CRITICAL - 2023-11-17 06:16:24 --> Undefined variable $users
in APPPATH\Views\admin\search-user.php on line 158.
 1 APPPATH\Views\admin\search-user.php(158): CodeIgniter\Debug\Exceptions->errorHandler(2, 'Undefined variable $users', 'C:\\xampp\\htdocs\\projectfyp\\app\\Views\\admin\\search-user.php', 158)
 2 SYSTEMPATH\View\View.php(226): include('C:\\xampp\\htdocs\\projectfyp\\app\\Views\\admin\\search-user.php')
 3 SYSTEMPATH\View\View.php(229): CodeIgniter\View\View->CodeIgniter\View\{closure}()
 4 SYSTEMPATH\Common.php(1188): CodeIgniter\View\View->render('admin/search-user', [], true)
 5 APPPATH\Controllers\AdminController.php(97): view('admin/search-user', [...])
 6 SYSTEMPATH\CodeIgniter.php(919): App\Controllers\AdminController->searchuser()
 7 SYSTEMPATH\CodeIgniter.php(494): CodeIgniter\CodeIgniter->runController(Object(App\Controllers\AdminController))
 8 SYSTEMPATH\CodeIgniter.php(353): CodeIgniter\CodeIgniter->handleRequest(null, Object(Config\Cache), false)
 9 FCPATH\index.php(79): CodeIgniter\CodeIgniter->run()
CRITICAL - 2023-11-17 06:45:02 --> syntax error, unexpected token "endif", expecting end of file
in APPPATH\Views\admin\search-user.php on line 187.
 1 SYSTEMPATH\View\View.php(229): CodeIgniter\View\View->CodeIgniter\View\{closure}()
 2 SYSTEMPATH\Common.php(1188): CodeIgniter\View\View->render('admin/search-user', [], true)
 3 APPPATH\Controllers\AdminController.php(111): view('admin/search-user', [...])
 4 SYSTEMPATH\CodeIgniter.php(919): App\Controllers\AdminController->searchuser()
 5 SYSTEMPATH\CodeIgniter.php(494): CodeIgniter\CodeIgniter->runController(Object(App\Controllers\AdminController))
 6 SYSTEMPATH\CodeIgniter.php(353): CodeIgniter\CodeIgniter->handleRequest(null, Object(Config\Cache), false)
 7 FCPATH\index.php(79): CodeIgniter\CodeIgniter->run()
CRITICAL - 2023-11-17 06:45:20 --> Undefined property: CodeIgniter\View\View::$request
in APPPATH\Views\admin\search-user.php on line 54.
 1 APPPATH\Views\admin\search-user.php(54): CodeIgniter\Debug\Exceptions->errorHandler(2, 'Undefined property: CodeIgniter\\View\\View::$request', 'C:\\xampp\\htdocs\\projectfyp\\app\\Views\\admin\\search-user.php', 54)
 2 SYSTEMPATH\View\View.php(226): include('C:\\xampp\\htdocs\\projectfyp\\app\\Views\\admin\\search-user.php')
 3 SYSTEMPATH\View\View.php(229): CodeIgniter\View\View->CodeIgniter\View\{closure}()
 4 SYSTEMPATH\Common.php(1188): CodeIgniter\View\View->render('admin/search-user', [], true)
 5 APPPATH\Controllers\AdminController.php(111): view('admin/search-user', [...])
 6 SYSTEMPATH\CodeIgniter.php(919): App\Controllers\AdminController->searchuser()
 7 SYSTEMPATH\CodeIgniter.php(494): CodeIgniter\CodeIgniter->runController(Object(App\Controllers\AdminController))
 8 SYSTEMPATH\CodeIgniter.php(353): CodeIgniter\CodeIgniter->handleRequest(null, Object(Config\Cache), false)
 9 FCPATH\index.php(79): CodeIgniter\CodeIgniter->run()
CRITICAL - 2023-11-17 06:45:44 --> Undefined property: CodeIgniter\View\View::$request
in APPPATH\Views\admin\search-user.php on line 54.
 1 APPPATH\Views\admin\search-user.php(54): CodeIgniter\Debug\Exceptions->errorHandler(2, 'Undefined property: CodeIgniter\\View\\View::$request', 'C:\\xampp\\htdocs\\projectfyp\\app\\Views\\admin\\search-user.php', 54)
 2 SYSTEMPATH\View\View.php(226): include('C:\\xampp\\htdocs\\projectfyp\\app\\Views\\admin\\search-user.php')
 3 SYSTEMPATH\View\View.php(229): CodeIgniter\View\View->CodeIgniter\View\{closure}()
 4 SYSTEMPATH\Common.php(1188): CodeIgniter\View\View->render('admin/search-user', [], true)
 5 APPPATH\Controllers\AdminController.php(111): view('admin/search-user', [...])
 6 SYSTEMPATH\CodeIgniter.php(919): App\Controllers\AdminController->searchuser()
 7 SYSTEMPATH\CodeIgniter.php(494): CodeIgniter\CodeIgniter->runController(Object(App\Controllers\AdminController))
 8 SYSTEMPATH\CodeIgniter.php(353): CodeIgniter\CodeIgniter->handleRequest(null, Object(Config\Cache), false)
 9 FCPATH\index.php(79): CodeIgniter\CodeIgniter->run()
CRITICAL - 2023-11-17 06:46:52 --> Undefined property: CodeIgniter\View\View::$request
in APPPATH\Views\admin\search-user.php on line 54.
 1 APPPATH\Views\admin\search-user.php(54): CodeIgniter\Debug\Exceptions->errorHandler(2, 'Undefined property: CodeIgniter\\View\\View::$request', 'C:\\xampp\\htdocs\\projectfyp\\app\\Views\\admin\\search-user.php', 54)
 2 SYSTEMPATH\View\View.php(226): include('C:\\xampp\\htdocs\\projectfyp\\app\\Views\\admin\\search-user.php')
 3 SYSTEMPATH\View\View.php(229): CodeIgniter\View\View->CodeIgniter\View\{closure}()
 4 SYSTEMPATH\Common.php(1188): CodeIgniter\View\View->render('admin/search-user', [], true)
 5 APPPATH\Controllers\AdminController.php(111): view('admin/search-user', [...])
 6 SYSTEMPATH\CodeIgniter.php(919): App\Controllers\AdminController->searchuser()
 7 SYSTEMPATH\CodeIgniter.php(494): CodeIgniter\CodeIgniter->runController(Object(App\Controllers\AdminController))
 8 SYSTEMPATH\CodeIgniter.php(353): CodeIgniter\CodeIgniter->handleRequest(null, Object(Config\Cache), false)
 9 FCPATH\index.php(79): CodeIgniter\CodeIgniter->run()
CRITICAL - 2023-11-17 06:46:53 --> Undefined property: CodeIgniter\View\View::$request
in APPPATH\Views\admin\search-user.php on line 54.
 1 APPPATH\Views\admin\search-user.php(54): CodeIgniter\Debug\Exceptions->errorHandler(2, 'Undefined property: CodeIgniter\\View\\View::$request', 'C:\\xampp\\htdocs\\projectfyp\\app\\Views\\admin\\search-user.php', 54)
 2 SYSTEMPATH\View\View.php(226): include('C:\\xampp\\htdocs\\projectfyp\\app\\Views\\admin\\search-user.php')
 3 SYSTEMPATH\View\View.php(229): CodeIgniter\View\View->CodeIgniter\View\{closure}()
 4 SYSTEMPATH\Common.php(1188): CodeIgniter\View\View->render('admin/search-user', [], true)
 5 APPPATH\Controllers\AdminController.php(111): view('admin/search-user', [...])
 6 SYSTEMPATH\CodeIgniter.php(919): App\Controllers\AdminController->searchuser()
 7 SYSTEMPATH\CodeIgniter.php(494): CodeIgniter\CodeIgniter->runController(Object(App\Controllers\AdminController))
 8 SYSTEMPATH\CodeIgniter.php(353): CodeIgniter\CodeIgniter->handleRequest(null, Object(Config\Cache), false)
 9 FCPATH\index.php(79): CodeIgniter\CodeIgniter->run()
CRITICAL - 2023-11-17 06:46:53 --> Undefined property: CodeIgniter\View\View::$request
in APPPATH\Views\admin\search-user.php on line 54.
 1 APPPATH\Views\admin\search-user.php(54): CodeIgniter\Debug\Exceptions->errorHandler(2, 'Undefined property: CodeIgniter\\View\\View::$request', 'C:\\xampp\\htdocs\\projectfyp\\app\\Views\\admin\\search-user.php', 54)
 2 SYSTEMPATH\View\View.php(226): include('C:\\xampp\\htdocs\\projectfyp\\app\\Views\\admin\\search-user.php')
 3 SYSTEMPATH\View\View.php(229): CodeIgniter\View\View->CodeIgniter\View\{closure}()
 4 SYSTEMPATH\Common.php(1188): CodeIgniter\View\View->render('admin/search-user', [], true)
 5 APPPATH\Controllers\AdminController.php(111): view('admin/search-user', [...])
 6 SYSTEMPATH\CodeIgniter.php(919): App\Controllers\AdminController->searchuser()
 7 SYSTEMPATH\CodeIgniter.php(494): CodeIgniter\CodeIgniter->runController(Object(App\Controllers\AdminController))
 8 SYSTEMPATH\CodeIgniter.php(353): CodeIgniter\CodeIgniter->handleRequest(null, Object(Config\Cache), false)
 9 FCPATH\index.php(79): CodeIgniter\CodeIgniter->run()
CRITICAL - 2023-11-17 06:46:53 --> Undefined property: CodeIgniter\View\View::$request
in APPPATH\Views\admin\search-user.php on line 54.
 1 APPPATH\Views\admin\search-user.php(54): CodeIgniter\Debug\Exceptions->errorHandler(2, 'Undefined property: CodeIgniter\\View\\View::$request', 'C:\\xampp\\htdocs\\projectfyp\\app\\Views\\admin\\search-user.php', 54)
 2 SYSTEMPATH\View\View.php(226): include('C:\\xampp\\htdocs\\projectfyp\\app\\Views\\admin\\search-user.php')
 3 SYSTEMPATH\View\View.php(229): CodeIgniter\View\View->CodeIgniter\View\{closure}()
 4 SYSTEMPATH\Common.php(1188): CodeIgniter\View\View->render('admin/search-user', [], true)
 5 APPPATH\Controllers\AdminController.php(111): view('admin/search-user', [...])
 6 SYSTEMPATH\CodeIgniter.php(919): App\Controllers\AdminController->searchuser()
 7 SYSTEMPATH\CodeIgniter.php(494): CodeIgniter\CodeIgniter->runController(Object(App\Controllers\AdminController))
 8 SYSTEMPATH\CodeIgniter.php(353): CodeIgniter\CodeIgniter->handleRequest(null, Object(Config\Cache), false)
 9 FCPATH\index.php(79): CodeIgniter\CodeIgniter->run()
