CRITICAL - 2023-10-29 04:25:21 --> Undefined variable $counter
in APPPATH\Views\admin\user-list.php on line 172.
 1 APPPATH\Views\admin\user-list.php(172): CodeIgniter\Debug\Exceptions->errorHandler(2, 'Undefined variable $counter', 'C:\\xampp\\htdocs\\projectfyp\\app\\Views\\admin\\user-list.php', 172)
 2 SYSTEMPATH\View\View.php(226): include('C:\\xampp\\htdocs\\projectfyp\\app\\Views\\admin\\user-list.php')
 3 SYSTEMPATH\View\View.php(229): CodeIgniter\View\View->CodeIgniter\View\{closure}()
 4 SYSTEMPATH\Common.php(1188): CodeIgniter\View\View->render('admin/user-list', [], true)
 5 APPPATH\Controllers\AdminController.php(30): view('admin/user-list', [...])
 6 SYSTEMPATH\CodeIgniter.php(919): App\Controllers\AdminController->userlist()
 7 SYSTEMPATH\CodeIgniter.php(494): CodeIgniter\CodeIgniter->runController(Object(App\Controllers\AdminController))
 8 SYSTEMPATH\CodeIgniter.php(353): CodeIgniter\CodeIgniter->handleRequest(null, Object(Config\Cache), false)
 9 FCPATH\index.php(79): CodeIgniter\CodeIgniter->run()
CRITICAL - 2023-10-29 05:35:07 --> Undefined array key "level_id"
in APPPATH\Views\admin\user-list.php on line 184.
 1 APPPATH\Views\admin\user-list.php(184): CodeIgniter\Debug\Exceptions->errorHandler(2, 'Undefined array key "level_id"', 'C:\\xampp\\htdocs\\projectfyp\\app\\Views\\admin\\user-list.php', 184)
 2 SYSTEMPATH\View\View.php(226): include('C:\\xampp\\htdocs\\projectfyp\\app\\Views\\admin\\user-list.php')
 3 SYSTEMPATH\View\View.php(229): CodeIgniter\View\View->CodeIgniter\View\{closure}()
 4 SYSTEMPATH\Common.php(1188): CodeIgniter\View\View->render('admin/user-list', [], true)
 5 APPPATH\Controllers\AdminController.php(30): view('admin/user-list', [...])
 6 SYSTEMPATH\CodeIgniter.php(919): App\Controllers\AdminController->userlist()
 7 SYSTEMPATH\CodeIgniter.php(494): CodeIgniter\CodeIgniter->runController(Object(App\Controllers\AdminController))
 8 SYSTEMPATH\CodeIgniter.php(353): CodeIgniter\CodeIgniter->handleRequest(null, Object(Config\Cache), false)
 9 FCPATH\index.php(79): CodeIgniter\CodeIgniter->run()
CRITICAL - 2023-10-29 05:36:33 --> Undefined array key "level_id"
in APPPATH\Views\admin\user-list.php on line 184.
 1 APPPATH\Views\admin\user-list.php(184): CodeIgniter\Debug\Exceptions->errorHandler(2, 'Undefined array key "level_id"', 'C:\\xampp\\htdocs\\projectfyp\\app\\Views\\admin\\user-list.php', 184)
 2 SYSTEMPATH\View\View.php(226): include('C:\\xampp\\htdocs\\projectfyp\\app\\Views\\admin\\user-list.php')
 3 SYSTEMPATH\View\View.php(229): CodeIgniter\View\View->CodeIgniter\View\{closure}()
 4 SYSTEMPATH\Common.php(1188): CodeIgniter\View\View->render('admin/user-list', [], true)
 5 APPPATH\Controllers\AdminController.php(30): view('admin/user-list', [...])
 6 SYSTEMPATH\CodeIgniter.php(919): App\Controllers\AdminController->userlist()
 7 SYSTEMPATH\CodeIgniter.php(494): CodeIgniter\CodeIgniter->runController(Object(App\Controllers\AdminController))
 8 SYSTEMPATH\CodeIgniter.php(353): CodeIgniter\CodeIgniter->handleRequest(null, Object(Config\Cache), false)
 9 FCPATH\index.php(79): CodeIgniter\CodeIgniter->run()
CRITICAL - 2023-10-29 05:36:47 --> Undefined array key "level_id"
in APPPATH\Views\admin\user-list.php on line 184.
 1 APPPATH\Views\admin\user-list.php(184): CodeIgniter\Debug\Exceptions->errorHandler(2, 'Undefined array key "level_id"', 'C:\\xampp\\htdocs\\projectfyp\\app\\Views\\admin\\user-list.php', 184)
 2 SYSTEMPATH\View\View.php(226): include('C:\\xampp\\htdocs\\projectfyp\\app\\Views\\admin\\user-list.php')
 3 SYSTEMPATH\View\View.php(229): CodeIgniter\View\View->CodeIgniter\View\{closure}()
 4 SYSTEMPATH\Common.php(1188): CodeIgniter\View\View->render('admin/user-list', [], true)
 5 APPPATH\Controllers\AdminController.php(30): view('admin/user-list', [...])
 6 SYSTEMPATH\CodeIgniter.php(919): App\Controllers\AdminController->userlist()
 7 SYSTEMPATH\CodeIgniter.php(494): CodeIgniter\CodeIgniter->runController(Object(App\Controllers\AdminController))
 8 SYSTEMPATH\CodeIgniter.php(353): CodeIgniter\CodeIgniter->handleRequest(null, Object(Config\Cache), false)
 9 FCPATH\index.php(79): CodeIgniter\CodeIgniter->run()
CRITICAL - 2023-10-29 05:36:49 --> Undefined array key "level_id"
in APPPATH\Views\admin\user-list.php on line 184.
 1 APPPATH\Views\admin\user-list.php(184): CodeIgniter\Debug\Exceptions->errorHandler(2, 'Undefined array key "level_id"', 'C:\\xampp\\htdocs\\projectfyp\\app\\Views\\admin\\user-list.php', 184)
 2 SYSTEMPATH\View\View.php(226): include('C:\\xampp\\htdocs\\projectfyp\\app\\Views\\admin\\user-list.php')
 3 SYSTEMPATH\View\View.php(229): CodeIgniter\View\View->CodeIgniter\View\{closure}()
 4 SYSTEMPATH\Common.php(1188): CodeIgniter\View\View->render('admin/user-list', [], true)
 5 APPPATH\Controllers\AdminController.php(30): view('admin/user-list', [...])
 6 SYSTEMPATH\CodeIgniter.php(919): App\Controllers\AdminController->userlist()
 7 SYSTEMPATH\CodeIgniter.php(494): CodeIgniter\CodeIgniter->runController(Object(App\Controllers\AdminController))
 8 SYSTEMPATH\CodeIgniter.php(353): CodeIgniter\CodeIgniter->handleRequest(null, Object(Config\Cache), false)
 9 FCPATH\index.php(79): CodeIgniter\CodeIgniter->run()
CRITICAL - 2023-10-29 05:36:49 --> Undefined array key "level_id"
in APPPATH\Views\admin\user-list.php on line 184.
 1 APPPATH\Views\admin\user-list.php(184): CodeIgniter\Debug\Exceptions->errorHandler(2, 'Undefined array key "level_id"', 'C:\\xampp\\htdocs\\projectfyp\\app\\Views\\admin\\user-list.php', 184)
 2 SYSTEMPATH\View\View.php(226): include('C:\\xampp\\htdocs\\projectfyp\\app\\Views\\admin\\user-list.php')
 3 SYSTEMPATH\View\View.php(229): CodeIgniter\View\View->CodeIgniter\View\{closure}()
 4 SYSTEMPATH\Common.php(1188): CodeIgniter\View\View->render('admin/user-list', [], true)
 5 APPPATH\Controllers\AdminController.php(30): view('admin/user-list', [...])
 6 SYSTEMPATH\CodeIgniter.php(919): App\Controllers\AdminController->userlist()
 7 SYSTEMPATH\CodeIgniter.php(494): CodeIgniter\CodeIgniter->runController(Object(App\Controllers\AdminController))
 8 SYSTEMPATH\CodeIgniter.php(353): CodeIgniter\CodeIgniter->handleRequest(null, Object(Config\Cache), false)
 9 FCPATH\index.php(79): CodeIgniter\CodeIgniter->run()
CRITICAL - 2023-10-29 05:36:50 --> Undefined array key "level_id"
in APPPATH\Views\admin\user-list.php on line 184.
 1 APPPATH\Views\admin\user-list.php(184): CodeIgniter\Debug\Exceptions->errorHandler(2, 'Undefined array key "level_id"', 'C:\\xampp\\htdocs\\projectfyp\\app\\Views\\admin\\user-list.php', 184)
 2 SYSTEMPATH\View\View.php(226): include('C:\\xampp\\htdocs\\projectfyp\\app\\Views\\admin\\user-list.php')
 3 SYSTEMPATH\View\View.php(229): CodeIgniter\View\View->CodeIgniter\View\{closure}()
 4 SYSTEMPATH\Common.php(1188): CodeIgniter\View\View->render('admin/user-list', [], true)
 5 APPPATH\Controllers\AdminController.php(30): view('admin/user-list', [...])
 6 SYSTEMPATH\CodeIgniter.php(919): App\Controllers\AdminController->userlist()
 7 SYSTEMPATH\CodeIgniter.php(494): CodeIgniter\CodeIgniter->runController(Object(App\Controllers\AdminController))
 8 SYSTEMPATH\CodeIgniter.php(353): CodeIgniter\CodeIgniter->handleRequest(null, Object(Config\Cache), false)
 9 FCPATH\index.php(79): CodeIgniter\CodeIgniter->run()
CRITICAL - 2023-10-29 05:36:50 --> Undefined array key "level_id"
in APPPATH\Views\admin\user-list.php on line 184.
 1 APPPATH\Views\admin\user-list.php(184): CodeIgniter\Debug\Exceptions->errorHandler(2, 'Undefined array key "level_id"', 'C:\\xampp\\htdocs\\projectfyp\\app\\Views\\admin\\user-list.php', 184)
 2 SYSTEMPATH\View\View.php(226): include('C:\\xampp\\htdocs\\projectfyp\\app\\Views\\admin\\user-list.php')
 3 SYSTEMPATH\View\View.php(229): CodeIgniter\View\View->CodeIgniter\View\{closure}()
 4 SYSTEMPATH\Common.php(1188): CodeIgniter\View\View->render('admin/user-list', [], true)
 5 APPPATH\Controllers\AdminController.php(30): view('admin/user-list', [...])
 6 SYSTEMPATH\CodeIgniter.php(919): App\Controllers\AdminController->userlist()
 7 SYSTEMPATH\CodeIgniter.php(494): CodeIgniter\CodeIgniter->runController(Object(App\Controllers\AdminController))
 8 SYSTEMPATH\CodeIgniter.php(353): CodeIgniter\CodeIgniter->handleRequest(null, Object(Config\Cache), false)
 9 FCPATH\index.php(79): CodeIgniter\CodeIgniter->run()
CRITICAL - 2023-10-29 05:36:51 --> Undefined array key "level_id"
in APPPATH\Views\admin\user-list.php on line 184.
 1 APPPATH\Views\admin\user-list.php(184): CodeIgniter\Debug\Exceptions->errorHandler(2, 'Undefined array key "level_id"', 'C:\\xampp\\htdocs\\projectfyp\\app\\Views\\admin\\user-list.php', 184)
 2 SYSTEMPATH\View\View.php(226): include('C:\\xampp\\htdocs\\projectfyp\\app\\Views\\admin\\user-list.php')
 3 SYSTEMPATH\View\View.php(229): CodeIgniter\View\View->CodeIgniter\View\{closure}()
 4 SYSTEMPATH\Common.php(1188): CodeIgniter\View\View->render('admin/user-list', [], true)
 5 APPPATH\Controllers\AdminController.php(30): view('admin/user-list', [...])
 6 SYSTEMPATH\CodeIgniter.php(919): App\Controllers\AdminController->userlist()
 7 SYSTEMPATH\CodeIgniter.php(494): CodeIgniter\CodeIgniter->runController(Object(App\Controllers\AdminController))
 8 SYSTEMPATH\CodeIgniter.php(353): CodeIgniter\CodeIgniter->handleRequest(null, Object(Config\Cache), false)
 9 FCPATH\index.php(79): CodeIgniter\CodeIgniter->run()
CRITICAL - 2023-10-29 05:36:51 --> Undefined array key "level_id"
in APPPATH\Views\admin\user-list.php on line 184.
 1 APPPATH\Views\admin\user-list.php(184): CodeIgniter\Debug\Exceptions->errorHandler(2, 'Undefined array key "level_id"', 'C:\\xampp\\htdocs\\projectfyp\\app\\Views\\admin\\user-list.php', 184)
 2 SYSTEMPATH\View\View.php(226): include('C:\\xampp\\htdocs\\projectfyp\\app\\Views\\admin\\user-list.php')
 3 SYSTEMPATH\View\View.php(229): CodeIgniter\View\View->CodeIgniter\View\{closure}()
 4 SYSTEMPATH\Common.php(1188): CodeIgniter\View\View->render('admin/user-list', [], true)
 5 APPPATH\Controllers\AdminController.php(30): view('admin/user-list', [...])
 6 SYSTEMPATH\CodeIgniter.php(919): App\Controllers\AdminController->userlist()
 7 SYSTEMPATH\CodeIgniter.php(494): CodeIgniter\CodeIgniter->runController(Object(App\Controllers\AdminController))
 8 SYSTEMPATH\CodeIgniter.php(353): CodeIgniter\CodeIgniter->handleRequest(null, Object(Config\Cache), false)
 9 FCPATH\index.php(79): CodeIgniter\CodeIgniter->run()
CRITICAL - 2023-10-29 05:36:51 --> Undefined array key "level_id"
in APPPATH\Views\admin\user-list.php on line 184.
 1 APPPATH\Views\admin\user-list.php(184): CodeIgniter\Debug\Exceptions->errorHandler(2, 'Undefined array key "level_id"', 'C:\\xampp\\htdocs\\projectfyp\\app\\Views\\admin\\user-list.php', 184)
 2 SYSTEMPATH\View\View.php(226): include('C:\\xampp\\htdocs\\projectfyp\\app\\Views\\admin\\user-list.php')
 3 SYSTEMPATH\View\View.php(229): CodeIgniter\View\View->CodeIgniter\View\{closure}()
 4 SYSTEMPATH\Common.php(1188): CodeIgniter\View\View->render('admin/user-list', [], true)
 5 APPPATH\Controllers\AdminController.php(30): view('admin/user-list', [...])
 6 SYSTEMPATH\CodeIgniter.php(919): App\Controllers\AdminController->userlist()
 7 SYSTEMPATH\CodeIgniter.php(494): CodeIgniter\CodeIgniter->runController(Object(App\Controllers\AdminController))
 8 SYSTEMPATH\CodeIgniter.php(353): CodeIgniter\CodeIgniter->handleRequest(null, Object(Config\Cache), false)
 9 FCPATH\index.php(79): CodeIgniter\CodeIgniter->run()
CRITICAL - 2023-10-29 05:36:51 --> Undefined array key "level_id"
in APPPATH\Views\admin\user-list.php on line 184.
 1 APPPATH\Views\admin\user-list.php(184): CodeIgniter\Debug\Exceptions->errorHandler(2, 'Undefined array key "level_id"', 'C:\\xampp\\htdocs\\projectfyp\\app\\Views\\admin\\user-list.php', 184)
 2 SYSTEMPATH\View\View.php(226): include('C:\\xampp\\htdocs\\projectfyp\\app\\Views\\admin\\user-list.php')
 3 SYSTEMPATH\View\View.php(229): CodeIgniter\View\View->CodeIgniter\View\{closure}()
 4 SYSTEMPATH\Common.php(1188): CodeIgniter\View\View->render('admin/user-list', [], true)
 5 APPPATH\Controllers\AdminController.php(30): view('admin/user-list', [...])
 6 SYSTEMPATH\CodeIgniter.php(919): App\Controllers\AdminController->userlist()
 7 SYSTEMPATH\CodeIgniter.php(494): CodeIgniter\CodeIgniter->runController(Object(App\Controllers\AdminController))
 8 SYSTEMPATH\CodeIgniter.php(353): CodeIgniter\CodeIgniter->handleRequest(null, Object(Config\Cache), false)
 9 FCPATH\index.php(79): CodeIgniter\CodeIgniter->run()
CRITICAL - 2023-10-29 05:36:58 --> Undefined array key "level_id"
in APPPATH\Views\admin\user-list.php on line 184.
 1 APPPATH\Views\admin\user-list.php(184): CodeIgniter\Debug\Exceptions->errorHandler(2, 'Undefined array key "level_id"', 'C:\\xampp\\htdocs\\projectfyp\\app\\Views\\admin\\user-list.php', 184)
 2 SYSTEMPATH\View\View.php(226): include('C:\\xampp\\htdocs\\projectfyp\\app\\Views\\admin\\user-list.php')
 3 SYSTEMPATH\View\View.php(229): CodeIgniter\View\View->CodeIgniter\View\{closure}()
 4 SYSTEMPATH\Common.php(1188): CodeIgniter\View\View->render('admin/user-list', [], true)
 5 APPPATH\Controllers\AdminController.php(30): view('admin/user-list', [...])
 6 SYSTEMPATH\CodeIgniter.php(919): App\Controllers\AdminController->userlist()
 7 SYSTEMPATH\CodeIgniter.php(494): CodeIgniter\CodeIgniter->runController(Object(App\Controllers\AdminController))
 8 SYSTEMPATH\CodeIgniter.php(353): CodeIgniter\CodeIgniter->handleRequest(null, Object(Config\Cache), false)
 9 FCPATH\index.php(79): CodeIgniter\CodeIgniter->run()
CRITICAL - 2023-10-29 05:36:59 --> Undefined array key "level_id"
in APPPATH\Views\admin\user-list.php on line 184.
 1 APPPATH\Views\admin\user-list.php(184): CodeIgniter\Debug\Exceptions->errorHandler(2, 'Undefined array key "level_id"', 'C:\\xampp\\htdocs\\projectfyp\\app\\Views\\admin\\user-list.php', 184)
 2 SYSTEMPATH\View\View.php(226): include('C:\\xampp\\htdocs\\projectfyp\\app\\Views\\admin\\user-list.php')
 3 SYSTEMPATH\View\View.php(229): CodeIgniter\View\View->CodeIgniter\View\{closure}()
 4 SYSTEMPATH\Common.php(1188): CodeIgniter\View\View->render('admin/user-list', [], true)
 5 APPPATH\Controllers\AdminController.php(30): view('admin/user-list', [...])
 6 SYSTEMPATH\CodeIgniter.php(919): App\Controllers\AdminController->userlist()
 7 SYSTEMPATH\CodeIgniter.php(494): CodeIgniter\CodeIgniter->runController(Object(App\Controllers\AdminController))
 8 SYSTEMPATH\CodeIgniter.php(353): CodeIgniter\CodeIgniter->handleRequest(null, Object(Config\Cache), false)
 9 FCPATH\index.php(79): CodeIgniter\CodeIgniter->run()
CRITICAL - 2023-10-29 05:37:00 --> Undefined array key "level_id"
in APPPATH\Views\admin\user-list.php on line 184.
 1 APPPATH\Views\admin\user-list.php(184): CodeIgniter\Debug\Exceptions->errorHandler(2, 'Undefined array key "level_id"', 'C:\\xampp\\htdocs\\projectfyp\\app\\Views\\admin\\user-list.php', 184)
 2 SYSTEMPATH\View\View.php(226): include('C:\\xampp\\htdocs\\projectfyp\\app\\Views\\admin\\user-list.php')
 3 SYSTEMPATH\View\View.php(229): CodeIgniter\View\View->CodeIgniter\View\{closure}()
 4 SYSTEMPATH\Common.php(1188): CodeIgniter\View\View->render('admin/user-list', [], true)
 5 APPPATH\Controllers\AdminController.php(30): view('admin/user-list', [...])
 6 SYSTEMPATH\CodeIgniter.php(919): App\Controllers\AdminController->userlist()
 7 SYSTEMPATH\CodeIgniter.php(494): CodeIgniter\CodeIgniter->runController(Object(App\Controllers\AdminController))
 8 SYSTEMPATH\CodeIgniter.php(353): CodeIgniter\CodeIgniter->handleRequest(null, Object(Config\Cache), false)
 9 FCPATH\index.php(79): CodeIgniter\CodeIgniter->run()
CRITICAL - 2023-10-29 05:38:42 --> Undefined array key "level_id"
in APPPATH\Views\admin\user-list.php on line 184.
 1 APPPATH\Views\admin\user-list.php(184): CodeIgniter\Debug\Exceptions->errorHandler(2, 'Undefined array key "level_id"', 'C:\\xampp\\htdocs\\projectfyp\\app\\Views\\admin\\user-list.php', 184)
 2 SYSTEMPATH\View\View.php(226): include('C:\\xampp\\htdocs\\projectfyp\\app\\Views\\admin\\user-list.php')
 3 SYSTEMPATH\View\View.php(229): CodeIgniter\View\View->CodeIgniter\View\{closure}()
 4 SYSTEMPATH\Common.php(1188): CodeIgniter\View\View->render('admin/user-list', [], true)
 5 APPPATH\Controllers\AdminController.php(30): view('admin/user-list', [...])
 6 SYSTEMPATH\CodeIgniter.php(919): App\Controllers\AdminController->userlist()
 7 SYSTEMPATH\CodeIgniter.php(494): CodeIgniter\CodeIgniter->runController(Object(App\Controllers\AdminController))
 8 SYSTEMPATH\CodeIgniter.php(353): CodeIgniter\CodeIgniter->handleRequest(null, Object(Config\Cache), false)
 9 FCPATH\index.php(79): CodeIgniter\CodeIgniter->run()
CRITICAL - 2023-10-29 06:25:35 --> Undefined variable $userData
in APPPATH\Views\admin\detail-user.php on line 147.
 1 APPPATH\Views\admin\detail-user.php(147): CodeIgniter\Debug\Exceptions->errorHandler(2, 'Undefined variable $userData', 'C:\\xampp\\htdocs\\projectfyp\\app\\Views\\admin\\detail-user.php', 147)
 2 SYSTEMPATH\View\View.php(226): include('C:\\xampp\\htdocs\\projectfyp\\app\\Views\\admin\\detail-user.php')
 3 SYSTEMPATH\View\View.php(229): CodeIgniter\View\View->CodeIgniter\View\{closure}()
 4 SYSTEMPATH\Common.php(1188): CodeIgniter\View\View->render('admin/detail-user', [], true)
 5 APPPATH\Controllers\AdminController.php(39): view('admin/detail-user', [...])
 6 SYSTEMPATH\CodeIgniter.php(919): App\Controllers\AdminController->userdetail()
 7 SYSTEMPATH\CodeIgniter.php(494): CodeIgniter\CodeIgniter->runController(Object(App\Controllers\AdminController))
 8 SYSTEMPATH\CodeIgniter.php(353): CodeIgniter\CodeIgniter->handleRequest(null, Object(Config\Cache), false)
 9 FCPATH\index.php(79): CodeIgniter\CodeIgniter->run()
CRITICAL - 2023-10-29 06:51:30 --> syntax error, unexpected token "echo"
in APPPATH\Views\admin\user-list.php on line 188.
 1 SYSTEMPATH\View\View.php(229): CodeIgniter\View\View->CodeIgniter\View\{closure}()
 2 SYSTEMPATH\Common.php(1188): CodeIgniter\View\View->render('admin/user-list', [], true)
 3 APPPATH\Controllers\AdminController.php(30): view('admin/user-list', [...])
 4 SYSTEMPATH\CodeIgniter.php(919): App\Controllers\AdminController->userlist()
 5 SYSTEMPATH\CodeIgniter.php(494): CodeIgniter\CodeIgniter->runController(Object(App\Controllers\AdminController))
 6 SYSTEMPATH\CodeIgniter.php(353): CodeIgniter\CodeIgniter->handleRequest(null, Object(Config\Cache), false)
 7 FCPATH\index.php(79): CodeIgniter\CodeIgniter->run()
CRITICAL - 2023-10-29 12:25:50 --> Invalid file: "admin/detail-asnaf.php"
in SYSTEMPATH\Exceptions\FrameworkException.php on line 39.
 1 SYSTEMPATH\View\View.php(214): CodeIgniter\Exceptions\FrameworkException::forInvalidFile('admin/detail-asnaf.php')
 2 SYSTEMPATH\Common.php(1188): CodeIgniter\View\View->render('admin/detail-asnaf', [], true)
 3 APPPATH\Controllers\AdminController.php(73): view('admin/detail-asnaf', [...])
 4 SYSTEMPATH\CodeIgniter.php(919): App\Controllers\AdminController->viewasnafdetail('2')
 5 SYSTEMPATH\CodeIgniter.php(494): CodeIgniter\CodeIgniter->runController(Object(App\Controllers\AdminController))
 6 SYSTEMPATH\CodeIgniter.php(353): CodeIgniter\CodeIgniter->handleRequest(null, Object(Config\Cache), false)
 7 FCPATH\index.php(79): CodeIgniter\CodeIgniter->run()
